id,label
0,1
1,0
2,1
3,1
4,0
5,0
6,1
7,1
8,0
9,1
10,1
11,0
12,0
13,1
14,1
15,0
16,1
17,1
18,0
19,1
20,1
21,0
22,1
23,1
24,1
25,0
26,1
27,0
28,1
29,1
30,0
31,0
32,0
33,0
34,0
35,0
36,0
37,1
38,1
39,1
40,0
41,0
42,0
43,1
44,0
45,1
46,1
47,0
48,0
49,0
50,0
51,0
52,0
53,0
54,1
55,1
56,1
57,1
58,0
59,0
60,1
61,1
62,0
63,0
64,0
65,1
66,1
67,0
68,1
69,0
70,0
71,1
72,0
73,1
74,0
75,0
76,0
77,1
78,1
79,0
80,0
81,1
82,1
83,1
84,0
85,1
86,0
87,1
88,1
89,1
90,0
91,1
92,1
93,1
94,0
95,0
96,0
97,0
98,0
99,1
100,1
101,0
102,1
103,1
104,1
105,1
106,0
107,1
108,1
109,0
110,1
111,1
112,0
113,1
114,0
115,0
116,0
117,0
118,1
119,1
120,0
121,1
122,1
123,1
124,0
125,1
126,0
127,1
128,1
129,0
130,1
131,0
132,0
133,1
134,0
135,0
136,0
137,0
138,0
139,0
140,0
141,1
142,0
143,1
144,0
145,1
146,0
147,0
148,1
149,0
150,1
151,1
152,1
153,1
154,0
155,1
156,1
157,1
158,0
159,1
160,1
161,1
162,1
163,0
164,0
165,0
166,0
167,0
168,0
169,0
170,0
171,0
172,1
173,0
174,1
175,0
176,1
177,0
178,0
179,0
180,0
181,1
182,1
183,0
184,0
185,0
186,1
187,1
188,1
189,0
190,1
191,0
192,0
193,0
194,0
195,0
196,1
197,1
198,1
199,0
200,0
201,1
202,1
203,1
204,0
205,1
206,1
207,0
208,0
209,0
210,1
211,1
212,0
213,1
214,1
215,0
216,1
217,0
218,1
219,0
220,1
221,0
222,1
223,0
224,1
225,0
226,1
227,1
228,0
229,0
230,1
231,0
232,0
233,0
234,1
235,1
236,1
237,0
238,0
239,0
240,0
241,0
242,1
243,1
244,1
245,0
246,1
247,1
248,0
249,0
250,0
251,1
252,0
253,1
254,1
255,0
256,0
257,1
258,0
259,0
260,0
261,1
262,1
263,1
264,0
265,0
266,1
267,0
268,1
269,0
270,0
271,0
272,0
273,0
274,0
275,1
276,1
277,0
278,0
279,1
280,0
281,1
282,1
283,0
284,1
285,0
286,1
287,1
288,0
289,1
290,1
291,0
292,0
293,1
294,1
295,1
296,1
297,1
298,0
299,0
300,0
301,1
302,0
303,1
304,1
305,1
306,1
307,0
308,1
309,0
310,1
311,1
312,0
313,1
314,1
315,1
316,1
317,0
318,1
319,0
320,1
321,0
322,1
323,1
324,0
325,0
326,1
327,0
328,1
329,0
330,1
331,1
332,1
333,0
334,1
335,0
336,1
337,1
338,1
339,1
340,1
341,0
342,1
343,1
344,1
345,0
346,1
347,0
348,1
349,0
350,0
351,0
352,0
353,0
354,0
355,1
356,0
357,0
358,0
359,1
360,0
361,0
362,0
363,1
364,1
365,0
366,1
367,1
368,0
369,1
370,1
371,1
372,1
373,0
374,0
375,1
376,1
377,1
378,1
379,1
380,1
381,1
382,0
383,0
384,0
385,1
386,0
387,0
388,1
389,1
390,1
391,0
392,1
393,0
394,1
395,0
396,1
397,1
398,1
399,1
400,1
401,0
402,1
403,0
404,0
405,1
406,1
407,1
408,0
409,1
410,0
411,0
412,0
413,1
414,1
415,0
416,1
417,0
418,0
419,0
420,0
421,0
422,0
423,1
424,0
425,1
426,1
427,0
428,1
429,0
430,1
431,0
432,1
433,1
434,0
435,1
436,0
437,1
438,0
439,0
440,0
441,1
442,1
443,0
444,0
445,1
446,0
447,1
448,0
449,0
450,0
451,0
452,0
453,0
454,0
455,1
456,1
457,0
458,1
459,1
460,1
461,0
462,1
463,1
464,1
465,0
466,1
467,0
468,0
469,1
470,0
471,1
472,1
473,0
474,0
475,1
476,1
477,1
478,1
479,0
480,0
481,0
482,1
483,1
484,1
485,1
486,1
487,1
488,1
489,0
490,1
491,0
492,1
493,0
494,0
495,0
496,0
497,1
498,0
499,0
500,0
501,0
502,1
503,1
504,0
505,1
506,0
507,0
508,0
509,0
510,1
511,1
512,1
513,1
514,1
515,0
516,1
517,1
518,0
519,0
520,0
521,0
522,1
523,1
524,1
525,1
526,1
527,1
528,1
529,0
530,0
531,0
532,0
533,1
534,0
535,1
536,1
537,0
538,0
539,1
540,1
541,0
542,1
543,0
544,1
545,0
546,0
547,0
548,1
549,1
550,0
551,1
552,1
553,0
554,1
555,0
556,0
557,1
558,1
559,0
560,1
561,0
562,1
563,0
564,1
565,1
566,1
567,0
568,0
569,1
570,0
571,0
572,1
573,0
574,1
575,0
576,1
577,1
578,0
579,1
580,1
581,1
582,0
583,1
584,1
585,0
586,0
587,1
588,0
589,0
590,0
591,1
592,0
593,1
594,1
595,1
596,0
597,0
598,0
599,1
600,0
601,1
602,0
603,1
604,0
605,0
606,1
607,1
608,0
609,1
610,0
611,0
612,1
613,1
614,0
615,1
616,0
617,0
618,1
619,1
620,1
621,0
622,0
623,0
624,1
625,1
626,0
627,0
628,1
629,1
630,1
631,0
632,0
633,1
634,0
635,1
636,0
637,1
638,0
639,1
640,0
641,0
642,1
643,0
644,0
645,0
646,0
647,1
648,0
649,1
650,0
651,1
652,0
653,1
654,0
655,1
656,1
657,0
658,1
659,0
660,0
661,1
662,0
663,0
664,1
665,0
666,0
667,0
668,0
669,1
670,1
671,0
672,0
673,1
674,0
675,0
676,1
677,1
678,0
679,0
680,1
681,0
682,0
683,0
684,0
685,0
686,0
687,1
688,0
689,0
690,0
691,1
692,0
693,1
694,0
695,0
696,0
697,1
698,0
699,1
700,1
701,1
702,0
703,0
704,0
705,1
706,0
707,0
708,1
709,1
710,0
711,0
712,0
713,1
714,1
715,1
716,0
717,1
718,0
719,0
720,0
721,0
722,1
723,1
724,1
725,1
726,0
727,0
728,1
729,1
730,1
731,1
732,1
733,1
734,1
735,0
736,1
737,0
738,1
739,0
740,1
741,1
742,0
743,0
744,0
745,1
746,1
747,1
748,1
749,0
750,0
751,0
752,0
753,0
754,0
755,0
756,0
757,1
758,1
759,1
760,0
761,0
762,1
763,1
764,0
765,1
766,0
767,1
768,1
769,1
770,0
771,1
772,1
773,0
774,0
775,0
776,0
777,1
778,0
779,0
780,1
781,1
782,1
783,0
784,0
785,1
786,1
787,1
788,0
789,0
790,0
791,0
792,1
793,0
794,0
795,0
796,0
797,1
798,1
799,1
800,1
801,0
802,1
803,1
804,0
805,0
806,0
807,0
808,0
809,1
810,0
811,0
812,0
813,1
814,0
815,1
816,1
817,1
818,1
819,0
820,0
821,0
822,1
823,0
824,0
825,0
826,0
827,1
828,1
829,0
830,1
831,0
832,1
833,1
834,1
835,0
836,0
837,0
838,1
839,0
840,0
841,0
842,0
843,0
844,0
845,0
846,1
847,0
848,1
849,1
850,1
851,0
852,0
853,1
854,0
855,1
856,0
857,1
858,0
859,1
860,1
861,0
862,0
863,1
864,1
865,0
866,1
867,1
868,0
869,1
870,0
871,0
872,0
873,0
874,0
875,0
876,0
877,0
878,0
879,0
880,1
881,1
882,1
883,0
884,0
885,1
886,0
887,0
888,1
889,0
890,1
891,0
892,0
893,0
894,1
895,1
896,1
897,1
898,0
899,1
900,1
901,0
902,0
903,0
904,0
905,1
906,0
907,1
908,1
909,0
910,0
911,0
912,1
913,0
914,1
915,0
916,0
917,1
918,0
919,1
920,0
921,0
922,0
923,0
924,0
925,0
926,0
927,1
928,0
929,1
930,1
931,1
932,0
933,0
934,1
935,0
936,0
937,0
938,0
939,1
940,1
941,0
942,1
943,0
944,0
945,1
946,0
947,0
948,1
949,0
950,0
951,0
952,0
953,1
954,0
955,0
956,1
957,1
958,1
959,1
960,0
961,1
962,1
963,0
964,0
965,0
966,1
967,1
968,1
969,0
970,1
971,0
972,1
973,1
974,1
975,0
976,1
977,1
978,0
979,1
980,0
981,0
982,1
983,0
984,0
985,1
986,1
987,0
988,0
989,0
990,1
991,1
992,1
993,1
994,1
995,1
996,0
997,0
998,1
999,0
1000,0
1001,0
1002,0
1003,1
1004,0
1005,1
1006,0
1007,0
1008,1
1009,1
1010,0
1011,1
1012,0
1013,0
1014,1
1015,0
1016,1
1017,1
1018,0
1019,0
1020,1
1021,0
1022,1
1023,0
1024,0
1025,1
1026,0
1027,1
1028,1
1029,0
1030,0
1031,1
1032,0
1033,0
1034,0
1035,0
1036,0
1037,0
1038,0
1039,1
1040,0
1041,1
1042,1
1043,1
1044,1
1045,0
1046,1
1047,1
1048,1
1049,0
1050,1
1051,0
1052,0
1053,1
1054,1
1055,1
1056,1
1057,1
1058,0
1059,1
1060,1
1061,0
1062,0
1063,1
1064,0
1065,1
1066,0
1067,0
1068,1
1069,0
1070,1
1071,0
1072,1
1073,1
1074,0
1075,0
1076,1
1077,1
1078,0
1079,0
1080,1
1081,0
1082,0
1083,0
1084,1
1085,0
1086,1
1087,0
1088,0
1089,0
1090,1
1091,0
1092,1
1093,1
1094,1
1095,0
1096,0
1097,1
1098,1
1099,0
1100,1
1101,0
1102,0
1103,1
1104,1
1105,0
1106,0
1107,1
1108,0
1109,0
1110,0
1111,0
1112,0
1113,1
1114,1
1115,0
1116,1
1117,1
1118,0
1119,1
1120,0
1121,0
1122,0
1123,1
1124,0
1125,0
1126,0
1127,0
1128,0
1129,0
1130,0
1131,0
1132,0
1133,1
1134,1
1135,0
1136,0
1137,1
1138,1
1139,1
1140,1
1141,1
1142,1
1143,0
1144,1
1145,1
1146,1
1147,0
1148,1
1149,1
1150,0
1151,0
1152,0
1153,0
1154,0
1155,0
1156,1
1157,0
1158,1
1159,1
1160,1
1161,1
1162,0
1163,0
1164,1
1165,1
1166,1
1167,0
1168,1
1169,1
1170,0
1171,1
1172,0
1173,1
1174,1
1175,0
1176,1
1177,0
1178,1
1179,0
1180,0
1181,1
1182,1
1183,0
1184,1
1185,0
1186,0
1187,1
1188,0
1189,1
1190,0
1191,0
1192,1
1193,0
1194,1
1195,1
1196,1
1197,0
1198,1
1199,0
1200,0
1201,0
1202,0
1203,1
1204,0
1205,1
1206,1
1207,1
1208,0
1209,1
1210,1
1211,0
1212,1
1213,1
1214,0
1215,1
1216,0
1217,1
1218,0
1219,0
1220,0
1221,1
1222,1
1223,0
1224,1
1225,1
1226,0
1227,0
1228,0
1229,0
1230,1
1231,1
1232,1
1233,0
1234,0
1235,1
1236,1
1237,1
1238,0
1239,0
1240,1
1241,1
1242,1
1243,0
1244,0
1245,0
1246,0
1247,1
1248,0
1249,0
1250,1
1251,1
1252,0
1253,1
1254,0
1255,0
1256,1
1257,1
1258,0
1259,1
1260,1
1261,1
1262,0
1263,1
1264,0
1265,0
1266,0
1267,0
1268,1
1269,1
1270,1
1271,0
1272,1
1273,0
1274,1
1275,0
1276,1
1277,0
1278,0
1279,0
1280,1
1281,0
1282,0
1283,0
1284,1
1285,0
1286,1
1287,1
1288,0
1289,1
1290,0
1291,1
1292,1
1293,0
1294,1
1295,1
1296,1
1297,1
1298,0
1299,1
1300,0
1301,0
1302,1
1303,1
1304,0
1305,1
1306,0
1307,0
1308,0
1309,0
1310,1
1311,1
1312,1
1313,0
1314,1
1315,1
1316,0
1317,0
1318,0
1319,1
1320,0
1321,1
1322,1
1323,1
1324,0
1325,0
1326,0
1327,1
1328,1
1329,1
1330,0
1331,0
1332,0
1333,0
1334,0
1335,1
1336,1
1337,0
1338,0
1339,0
1340,1
1341,0
1342,0
1343,1
1344,1
1345,0
1346,0
1347,1
1348,0
1349,0
1350,0
1351,1
1352,1
1353,0
1354,0
1355,1
1356,0
1357,0
1358,0
1359,0
1360,1
1361,1
1362,1
1363,0
1364,1
1365,0
1366,1
1367,1
1368,1
1369,1
1370,0
1371,0
1372,0
1373,1
1374,0
1375,1
1376,0
1377,0
1378,0
1379,0
1380,0
1381,1
1382,1
1383,0
1384,1
1385,0
1386,1
1387,1
1388,1
1389,1
1390,1
1391,1
1392,0
1393,0
1394,1
1395,0
1396,1
1397,0
1398,1
1399,1
1400,0
1401,1
1402,0
1403,1
1404,0
1405,1
1406,0
1407,1
1408,1
1409,1
1410,0
1411,0
1412,0
1413,1
1414,1
1415,1
1416,0
1417,1
1418,1
1419,1
1420,0
1421,1
1422,0
1423,1
1424,0
1425,0
1426,1
1427,0
1428,1
1429,1
1430,1
1431,1
1432,1
1433,0
1434,0
1435,0
1436,1
1437,0
1438,0
1439,1
1440,1
1441,0
1442,1
1443,1
1444,0
1445,1
1446,1
1447,1
1448,0
1449,0
1450,1
1451,1
1452,1
1453,0
1454,0
1455,1
1456,1
1457,0
1458,1
1459,1
1460,1
1461,1
1462,0
1463,0
1464,0
1465,1
1466,0
1467,1
1468,0
1469,0
1470,1
1471,0
1472,1
1473,0
1474,1
1475,0
1476,1
1477,1
1478,1
1479,0
1480,1
1481,1
1482,0
1483,1
1484,1
1485,0
1486,1
1487,0
1488,0
1489,0
1490,0
1491,1
1492,1
1493,0
1494,1
1495,0
1496,1
1497,0
1498,0
1499,1
1500,0
1501,0
1502,1
1503,0
1504,1
1505,0
1506,1
1507,1
1508,1
1509,1
1510,1
1511,1
1512,0
1513,0
1514,1
1515,0
1516,1
1517,0
1518,1
1519,0
1520,0
1521,1
1522,0
1523,0
1524,1
1525,1
1526,0
1527,0
1528,0
1529,0
1530,1
1531,0
1532,1
1533,1
1534,1
1535,1
1536,0
1537,1
1538,0
1539,1
1540,0
1541,1
1542,1
1543,0
1544,0
1545,1
1546,0
1547,0
1548,1
1549,0
1550,1
1551,0
1552,1
1553,1
1554,0
1555,1
1556,0
1557,1
1558,1
1559,0
1560,1
1561,0
1562,0
1563,1
1564,0
1565,1
1566,1
1567,0
1568,0
1569,1
1570,0
1571,1
1572,0
1573,1
1574,1
1575,1
1576,0
1577,0
1578,1
1579,1
1580,1
1581,0
1582,0
1583,1
1584,1
1585,0
1586,1
1587,1
1588,0
1589,1
1590,1
1591,1
1592,1
1593,1
1594,0
1595,0
1596,0
1597,0
1598,1
1599,0
1600,1
1601,1
1602,0
1603,0
1604,1
1605,0
1606,0
1607,0
1608,0
1609,1
1610,0
1611,1
1612,1
1613,0
1614,0
1615,0
1616,0
1617,1
1618,1
1619,1
1620,0
1621,0
1622,1
1623,0
1624,1
1625,0
1626,1
1627,1
1628,1
1629,1
1630,1
1631,1
1632,1
1633,0
1634,1
1635,0
1636,0
1637,0
1638,0
1639,0
1640,0
1641,0
1642,1
1643,0
1644,1
1645,1
1646,0
1647,1
1648,1
1649,0
1650,1
1651,0
1652,0
1653,0
1654,0
1655,0
1656,0
1657,1
1658,1
1659,0
1660,1
1661,0
1662,0
1663,1
1664,1
1665,1
1666,1
1667,0
1668,0
1669,0
1670,0
1671,1
1672,0
1673,0
1674,1
1675,1
1676,0
1677,0
1678,0
1679,0
1680,0
1681,0
1682,0
1683,0
1684,1
1685,0
1686,0
1687,1
1688,1
1689,1
1690,1
1691,0
1692,1
1693,0
1694,1
1695,1
1696,1
1697,0
1698,0
1699,1
1700,0
1701,1
1702,0
1703,1
1704,1
1705,1
1706,1
1707,0
1708,1
1709,0
1710,1
1711,1
1712,1
1713,1
1714,1
1715,1
1716,0
1717,0
1718,0
1719,0
1720,0
1721,0
1722,1
1723,1
1724,1
1725,0
1726,0
1727,1
1728,0
1729,1
1730,1
1731,0
1732,0
1733,1
1734,0
1735,0
1736,0
1737,0
1738,0
1739,1
1740,1
1741,1
1742,1
1743,0
1744,0
1745,0
1746,0
1747,0
1748,1
1749,0
1750,0
1751,1
1752,0
1753,0
1754,1
1755,1
1756,1
1757,1
1758,1
1759,1
1760,0
1761,1
1762,1
1763,0
1764,1
1765,0
1766,0
1767,0
1768,0
1769,1
1770,1
1771,1
1772,1
1773,0
1774,0
1775,0
1776,1
1777,0
1778,0
1779,1
1780,0
1781,0
1782,1
1783,0
1784,1
1785,0
1786,0
1787,1
1788,0
1789,1
1790,0
1791,0
1792,1
1793,1
1794,1
1795,1
1796,1
1797,1
1798,1
1799,0
1800,0
1801,0
1802,1
1803,0
1804,1
1805,0
1806,0
1807,0
1808,1
1809,1
1810,1
1811,0
1812,0
1813,0
1814,1
1815,1
1816,0
1817,0
1818,1
1819,0
1820,0
1821,0
1822,1
1823,1
1824,1
1825,1
1826,0
1827,1
1828,1
1829,1
1830,0
1831,1
1832,0
1833,1
1834,1
1835,1
1836,1
1837,0
1838,1
1839,0
1840,1
1841,0
1842,1
1843,1
1844,1
1845,0
1846,0
1847,0
1848,0
1849,0
1850,1
1851,0
1852,0
1853,0
1854,0
1855,0
1856,1
1857,0
1858,0
1859,1
1860,0
1861,0
1862,1
1863,1
1864,0
1865,0
1866,0
1867,0
1868,0
1869,1
1870,0
1871,1
1872,1
1873,1
1874,0
1875,1
1876,1
1877,1
1878,0
1879,1
1880,0
1881,1
1882,1
1883,0
1884,0
1885,0
1886,1
1887,0
1888,0
1889,0
1890,0
1891,0
1892,1
1893,1
1894,1
1895,1
1896,0
1897,1
1898,1
1899,1
1900,0
1901,1
1902,1
1903,0
1904,0
1905,0
1906,1
1907,0
1908,0
1909,1
1910,0
1911,0
1912,0
1913,1
1914,0
1915,1
1916,0
1917,0
1918,1
1919,0
1920,0
1921,1
1922,1
1923,1
1924,0
1925,1
1926,1
1927,0
1928,1
1929,1
1930,0
1931,0
1932,0
1933,1
1934,0
1935,1
1936,1
1937,0
1938,0
1939,1
1940,0
1941,0
1942,1
1943,0
1944,1
1945,1
1946,0
1947,1
1948,0
1949,1
1950,0
1951,0
1952,1
1953,1
1954,1
1955,1
1956,1
1957,0
1958,0
1959,0
1960,0
1961,1
1962,0
1963,0
1964,0
1965,1
1966,0
1967,0
1968,0
1969,0
1970,1
1971,0
1972,1
1973,0
1974,0
1975,1
1976,0
1977,1
1978,1
1979,0
1980,1
1981,1
1982,0
1983,0
1984,0
1985,0
1986,1
1987,1
1988,0
1989,1
1990,0
1991,0
1992,0
1993,0
1994,0
1995,0
1996,1
1997,0
1998,0
1999,0
2000,1
2001,1
2002,0
2003,0
2004,1
2005,1
2006,1
2007,1
2008,1
2009,1
2010,1
2011,1
2012,1
2013,0
2014,0
2015,0
2016,1
2017,1
2018,0
2019,1
2020,1
2021,0
2022,1
2023,1
2024,0
2025,0
2026,0
2027,0
2028,0
2029,1
2030,0
2031,0
2032,1
2033,0
2034,1
2035,1
2036,1
2037,1
2038,1
2039,0
2040,0
2041,0
2042,1
2043,1
2044,1
2045,0
2046,1
2047,0
2048,1
2049,1
2050,0
2051,1
2052,0
2053,0
2054,1
2055,0
2056,1
2057,0
2058,0
2059,0
2060,0
2061,0
2062,1
2063,0
2064,0
2065,1
2066,0
2067,1
2068,1
2069,0
2070,0
2071,0
2072,0
2073,1
2074,1
2075,0
2076,0
2077,0
2078,1
2079,1
2080,1
2081,0
2082,0
2083,1
2084,0
2085,0
2086,0
2087,1
2088,1
2089,1
2090,0
2091,1
2092,0
2093,0
2094,0
2095,1
2096,1
2097,1
2098,1
2099,1
2100,0
2101,0
2102,0
2103,0
2104,0
2105,0
2106,1
2107,0
2108,0
2109,0
2110,1
2111,0
2112,1
2113,0
2114,0
2115,1
2116,0
2117,1
2118,1
2119,1
2120,0
2121,0
2122,0
2123,0
2124,0
2125,0
2126,0
2127,0
2128,0
2129,0
2130,0
2131,1
2132,0
2133,1
2134,1
2135,1
2136,1
2137,1
2138,0
2139,0
2140,0
2141,1
2142,0
2143,0
2144,0
2145,0
2146,1
2147,0
2148,1
2149,1
2150,1
2151,0
2152,0
2153,1
2154,1
2155,0
2156,1
2157,0
2158,0
2159,1
2160,0
2161,1
2162,0
2163,1
2164,1
2165,1
2166,1
2167,0
2168,0
2169,0
2170,1
2171,0
2172,1
2173,1
2174,0
2175,0
2176,0
2177,0
2178,0
2179,1
2180,0
2181,0
2182,1
2183,1
2184,0
2185,0
2186,0
2187,1
2188,0
2189,1
2190,1
2191,0
2192,0
2193,0
2194,0
2195,0
2196,0
2197,1
2198,0
2199,1
2200,0
2201,1
2202,1
2203,1
2204,0
2205,1
2206,0
2207,1
2208,1
2209,1
2210,0
2211,1
2212,0
2213,0
2214,1
2215,1
2216,0
2217,1
2218,0
2219,0
2220,0
2221,1
2222,1
2223,0
2224,1
2225,1
2226,1
2227,1
2228,1
2229,1
2230,0
2231,0
2232,0
2233,1
2234,0
2235,1
2236,0
2237,1
2238,1
2239,1
2240,1
2241,0
2242,1
2243,1
2244,1
2245,0
2246,0
2247,0
2248,0
2249,1
2250,1
2251,1
2252,0
2253,0
2254,1
2255,0
2256,0
2257,1
2258,0
2259,0
2260,1
2261,0
2262,1
2263,1
2264,0
2265,0
2266,0
2267,0
2268,1
2269,1
2270,0
2271,0
2272,1
2273,0
2274,1
2275,0
2276,0
2277,1
2278,1
2279,1
2280,1
2281,1
2282,1
2283,1
2284,0
2285,0
2286,1
2287,1
2288,1
2289,1
2290,1
2291,1
2292,0
2293,1
2294,1
2295,0
2296,1
2297,0
2298,1
2299,1
2300,0
2301,0
2302,1
2303,0
2304,1
2305,1
2306,0
2307,0
2308,1
2309,1
2310,0
2311,1
2312,0
2313,1
2314,0
2315,0
2316,0
2317,0
2318,1
2319,0
2320,1
2321,0
2322,0
2323,1
2324,0
2325,1
2326,1
2327,1
2328,1
2329,0
2330,0
2331,1
2332,0
2333,0
2334,0
2335,1
2336,1
2337,0
2338,0
2339,1
2340,1
2341,1
2342,0
2343,1
2344,1
2345,1
2346,0
2347,0
2348,0
2349,0
2350,1
2351,0
2352,0
2353,1
2354,0
2355,0
2356,1
2357,0
2358,1
2359,1
2360,1
2361,0
2362,0
2363,0
2364,1
2365,1
2366,1
2367,0
2368,1
2369,1
2370,1
2371,0
2372,0
2373,1
2374,1
2375,0
2376,1
2377,1
2378,0
2379,0
2380,0
2381,1
2382,1
2383,1
2384,1
2385,1
2386,0
2387,1
2388,0
2389,1
2390,1
2391,0
2392,0
2393,1
2394,0
2395,0
2396,1
2397,1
2398,1
2399,1
2400,1
2401,0
2402,1
2403,0
2404,0
2405,0
2406,1
2407,1
2408,1
2409,1
2410,1
2411,1
2412,0
2413,0
2414,0
2415,1
2416,1
2417,1
2418,0
2419,1
2420,0
2421,0
2422,0
2423,0
2424,1
2425,1
2426,1
2427,1
2428,0
2429,0
2430,1
2431,0
2432,0
2433,1
2434,1
2435,1
2436,0
2437,0
2438,1
2439,0
2440,0
2441,0
2442,0
2443,0
2444,0
2445,1
2446,0
2447,0
2448,0
2449,1
2450,0
2451,1
2452,1
2453,1
2454,0
2455,0
2456,0
2457,1
2458,0
2459,0
2460,1
2461,0
2462,1
2463,0
2464,1
2465,0
2466,1
2467,1
2468,1
2469,1
2470,0
2471,1
2472,1
2473,0
2474,0
2475,0
2476,1
2477,1
2478,1
2479,1
2480,0
2481,1
2482,1
2483,1
2484,1
2485,1
2486,1
2487,1
2488,1
2489,1
2490,0
2491,0
2492,0
2493,1
2494,1
2495,0
2496,0
2497,0
2498,1
2499,1
2500,1
2501,0
2502,0
2503,1
2504,1
2505,1
2506,1
2507,1
2508,0
2509,1
2510,0
2511,0
2512,0
2513,1
2514,0
2515,0
2516,0
2517,0
2518,1
2519,0
2520,0
2521,0
2522,0
2523,1
2524,1
2525,0
2526,0
2527,0
2528,0
2529,0
2530,0
2531,0
2532,0
2533,1
2534,1
2535,1
2536,0
2537,0
2538,1
2539,1
2540,0
2541,0
2542,0
2543,0
2544,1
2545,1
2546,0
2547,1
2548,1
2549,0
2550,0
2551,0
2552,0
2553,0
2554,1
2555,0
2556,0
2557,0
2558,1
2559,1
2560,1
2561,1
2562,1
2563,0
2564,1
2565,0
2566,1
2567,1
2568,1
2569,1
2570,1
2571,0
2572,0
2573,1
2574,0
2575,0
2576,0
2577,0
2578,0
2579,1
2580,1
2581,1
2582,1
2583,1
2584,1
2585,0
2586,1
2587,1
2588,1
2589,1
2590,0
2591,0
2592,1
2593,0
2594,0
2595,1
2596,0
2597,0
2598,1
2599,0
2600,0
2601,0
2602,1
2603,1
2604,0
2605,1
2606,0
2607,1
2608,0
2609,0
2610,0
2611,1
2612,0
2613,1
2614,0
2615,1
2616,0
2617,1
2618,0
2619,1
2620,1
2621,0
2622,0
2623,1
2624,1
2625,1
2626,0
2627,1
2628,1
2629,0
2630,0
2631,1
2632,1
2633,1
2634,1
2635,0
2636,1
2637,0
2638,1
2639,0
2640,0
2641,0
2642,1
2643,1
2644,0
2645,1
2646,0
2647,1
2648,0
2649,0
2650,0
2651,1
2652,1
2653,0
2654,0
2655,1
2656,1
2657,1
2658,0
2659,1
2660,1
2661,1
2662,1
2663,0
2664,1
2665,1
2666,0
2667,0
2668,1
2669,0
2670,1
2671,1
2672,0
2673,1
2674,0
2675,1
2676,1
2677,1
2678,0
2679,1
2680,0
2681,1
2682,0
2683,0
2684,1
2685,1
2686,0
2687,1
2688,1
2689,1
2690,0
2691,0
2692,0
2693,1
2694,0
2695,0
2696,1
2697,0
2698,1
2699,0
2700,1
2701,0
2702,0
2703,1
2704,0
2705,0
2706,0
2707,0
2708,1
2709,1
2710,0
2711,0
2712,1
2713,1
2714,1
2715,1
2716,0
2717,0
2718,0
2719,0
2720,0
2721,1
2722,1
2723,0
2724,1
2725,0
2726,0
2727,0
2728,0
2729,0
2730,0
2731,0
2732,1
2733,1
2734,0
2735,1
2736,1
2737,0
2738,1
2739,1
2740,1
2741,0
2742,0
2743,0
2744,0
2745,1
2746,1
2747,1
2748,0
2749,0
2750,0
2751,0
2752,0
2753,1
2754,1
2755,0
2756,1
2757,0
2758,0
2759,0
2760,0
2761,1
2762,0
2763,1
2764,0
2765,1
2766,0
2767,0
2768,1
2769,0
2770,1
2771,1
2772,1
2773,1
2774,1
2775,1
2776,1
2777,1
2778,1
2779,1
2780,1
2781,0
2782,1
2783,1
2784,0
2785,1
2786,0
2787,0
2788,0
2789,1
2790,0
2791,1
2792,0
2793,1
2794,1
2795,1
2796,1
2797,1
2798,0
2799,1
2800,0
2801,0
2802,0
2803,0
2804,0
2805,0
2806,1
2807,1
2808,1
2809,0
2810,1
2811,1
2812,0
2813,1
2814,0
2815,1
2816,1
2817,1
2818,0
2819,1
2820,1
2821,0
2822,0
2823,0
2824,1
2825,0
2826,1
2827,0
2828,1
2829,0
2830,1
2831,0
2832,0
2833,0
2834,0
2835,0
2836,0
2837,0
2838,0
2839,0
2840,1
2841,1
2842,1
2843,1
2844,1
2845,0
2846,0
2847,1
2848,1
2849,1
2850,1
2851,0
2852,0
2853,0
2854,1
2855,1
2856,1
2857,0
2858,0
2859,0
2860,1
2861,0
2862,1
2863,0
2864,1
2865,1
2866,1
2867,0
2868,0
2869,1
2870,0
2871,1
2872,1
2873,0
2874,1
2875,1
2876,1
2877,0
2878,0
2879,0
2880,0
2881,1
2882,0
2883,1
2884,0
2885,0
2886,1
2887,1
2888,0
2889,0
2890,0
2891,1
2892,0
2893,0
2894,0
2895,1
2896,1
2897,0
2898,1
2899,0
2900,0
2901,0
2902,1
2903,0
2904,0
2905,0
2906,0
2907,1
2908,0
2909,0
2910,1
2911,0
2912,0
2913,0
2914,1
2915,0
2916,0
2917,1
2918,1
2919,1
2920,1
2921,1
2922,1
2923,1
2924,1
2925,1
2926,1
2927,0
2928,1
2929,1
2930,1
2931,1
2932,1
2933,0
2934,1
2935,0
2936,0
2937,1
2938,0
2939,0
2940,1
2941,0
2942,0
2943,0
2944,1
2945,0
2946,0
2947,1
2948,0
2949,1
2950,1
2951,0
2952,0
2953,0
2954,0
2955,0
2956,0
2957,1
2958,0
2959,0
2960,0
2961,1
2962,1
2963,0
2964,0
2965,0
2966,0
2967,1
2968,0
2969,0
2970,0
2971,0
2972,0
2973,0
2974,0
2975,1
2976,1
2977,1
2978,0
2979,0
2980,1
2981,0
2982,0
2983,1
2984,1
2985,1
2986,0
2987,1
2988,0
2989,1
2990,0
2991,1
2992,0
2993,1
2994,1
2995,0
2996,0
2997,0
2998,1
2999,1
3000,0
3001,0
3002,0
3003,1
3004,1
3005,1
3006,0
3007,0
3008,1
3009,0
3010,0
3011,1
3012,1
3013,0
3014,0
3015,1
3016,0
3017,1
3018,1
3019,1
3020,1
3021,1
3022,0
3023,0
3024,1
3025,0
3026,1
3027,0
3028,1
3029,0
3030,1
3031,0
3032,1
3033,1
3034,0
3035,1
3036,1
3037,1
3038,0
3039,0
3040,0
3041,0
3042,1
3043,1
3044,1
3045,0
3046,1
3047,1
3048,0
3049,1
3050,1
3051,1
3052,1
3053,0
3054,1
3055,1
3056,1
3057,1
3058,1
3059,1
3060,0
3061,1
3062,1
3063,0
3064,1
3065,1
3066,1
3067,0
3068,0
3069,0
3070,1
3071,0
3072,1
3073,1
3074,0
3075,1
3076,1
3077,0
3078,0
3079,0
3080,0
3081,1
3082,0
3083,0
3084,1
3085,1
3086,1
3087,0
3088,1
3089,1
3090,0
3091,1
3092,0
3093,0
3094,0
3095,1
3096,1
3097,0
3098,1
3099,1
3100,0
3101,1
3102,1
3103,0
3104,1
3105,1
3106,1
3107,1
3108,1
3109,0
3110,1
3111,0
3112,1
3113,0
3114,1
3115,1
3116,1
3117,1
3118,0
3119,1
3120,1
3121,1
3122,1
3123,0
3124,1
3125,0
3126,0
3127,1
3128,0
3129,1
3130,1
3131,0
3132,1
3133,1
3134,0
3135,0
3136,1
3137,1
3138,0
3139,0
3140,0
3141,1
3142,0
3143,0
3144,1
3145,1
3146,1
3147,1
3148,0
3149,1
3150,0
3151,1
3152,0
3153,1
3154,0
3155,0
3156,1
3157,1
3158,0
3159,1
3160,0
3161,0
3162,0
3163,1
3164,0
3165,0
3166,0
3167,1
3168,0
3169,1
3170,0
3171,1
3172,1
3173,1
3174,1
3175,0
3176,1
3177,1
3178,0
3179,1
3180,1
3181,0
3182,1
3183,0
3184,1
3185,1
3186,1
3187,1
3188,0
3189,0
3190,0
3191,1
3192,0
3193,0
3194,1
3195,0
3196,0
3197,1
3198,0
3199,0
3200,1
3201,0
3202,0
3203,0
3204,0
3205,0
3206,0
3207,1
3208,0
3209,0
3210,1
3211,1
3212,1
3213,1
3214,0
3215,1
3216,1
3217,1
3218,0
3219,1
3220,1
3221,0
3222,1
3223,0
3224,1
3225,1
3226,1
3227,1
3228,1
3229,1
3230,1
3231,1
3232,1
3233,0
3234,1
3235,0
3236,1
3237,0
3238,0
3239,1
3240,1
3241,1
3242,1
3243,0
3244,1
3245,0
3246,0
3247,1
3248,1
3249,0
3250,1
3251,1
3252,0
3253,0
3254,0
3255,0
3256,1
3257,1
3258,0
3259,0
3260,1
3261,0
3262,0
3263,1
3264,0
3265,0
3266,1
3267,0
3268,1
3269,0
3270,1
3271,1
3272,1
3273,1
3274,1
3275,0
3276,1
3277,1
3278,0
3279,0
3280,1
3281,1
3282,1
3283,0
3284,1
3285,0
3286,1
3287,1
3288,0
3289,1
3290,0
3291,1
3292,1
3293,1
3294,0
3295,0
3296,0
3297,1
3298,1
3299,1
3300,0
3301,0
3302,0
3303,1
3304,1
3305,1
3306,1
3307,0
3308,0
3309,0
3310,1
3311,0
3312,1
3313,1
3314,1
3315,1
3316,0
3317,0
3318,1
3319,1
3320,1
3321,1
3322,0
3323,1
3324,0
3325,1
3326,1
3327,1
3328,0
3329,0
3330,1
3331,0
3332,1
3333,0
3334,0
3335,0
3336,1
3337,0
3338,0
3339,1
3340,0
3341,1
3342,1
3343,0
3344,0
3345,1
3346,0
3347,0
3348,1
3349,1
3350,1
3351,1
3352,0
3353,0
3354,0
3355,0
3356,1
3357,1
3358,1
3359,1
3360,0
3361,1
3362,1
3363,0
3364,1
3365,1
3366,1
3367,1
3368,0
3369,1
3370,0
3371,0
3372,1
3373,0
3374,1
3375,0
3376,0
3377,0
3378,1
3379,1
3380,0
3381,0
3382,1
3383,1
3384,1
3385,1
3386,1
3387,0
3388,0
3389,1
3390,1
3391,0
3392,0
3393,1
3394,1
3395,1
3396,0
3397,1
3398,1
3399,0
3400,1
3401,0
3402,1
3403,1
3404,0
3405,1
3406,1
3407,1
3408,1
3409,1
3410,0
3411,1
3412,0
3413,1
3414,1
3415,0
3416,1
3417,1
3418,0
3419,1
3420,1
3421,1
3422,0
3423,1
3424,0
3425,1
3426,0
3427,0
3428,0
3429,0
3430,0
3431,0
3432,1
3433,0
3434,0
3435,1
3436,1
3437,0
3438,1
3439,1
3440,0
3441,1
3442,0
3443,1
3444,0
3445,0
3446,1
3447,1
3448,1
3449,0
3450,1
3451,1
3452,1
3453,1
3454,1
3455,0
3456,0
3457,1
3458,1
3459,1
3460,0
3461,1
3462,0
3463,1
3464,1
3465,0
3466,1
3467,1
3468,0
3469,0
3470,1
3471,0
3472,0
3473,0
3474,0
3475,1
3476,1
3477,1
3478,0
3479,1
3480,1
3481,1
3482,1
3483,1
3484,0
3485,1
3486,0
3487,1
3488,0
3489,1
3490,1
3491,1
3492,0
3493,0
3494,1
3495,0
3496,0
3497,1
3498,1
3499,0
3500,1
3501,0
3502,1
3503,1
3504,0
3505,0
3506,1
3507,1
3508,1
3509,0
3510,0
3511,0
3512,1
3513,0
3514,1
3515,0
3516,1
3517,0
3518,1
3519,1
3520,0
3521,0
3522,1
3523,0
3524,1
3525,0
3526,0
3527,0
3528,0
3529,1
3530,1
3531,1
3532,0
3533,1
3534,1
3535,0
3536,0
3537,1
3538,0
3539,1
3540,0
3541,0
3542,1
3543,1
3544,0
3545,1
3546,0
3547,1
3548,1
3549,0
3550,1
3551,1
3552,0
3553,1
3554,0
3555,0
3556,0
3557,0
3558,0
3559,0
3560,1
3561,1
3562,0
3563,1
3564,0
3565,1
3566,0
3567,1
3568,1
3569,1
3570,1
3571,0
3572,0
3573,1
3574,1
3575,1
3576,1
3577,1
3578,0
3579,1
3580,1
3581,1
3582,1
3583,1
3584,0
3585,1
3586,0
3587,1
3588,1
3589,1
3590,0
3591,1
3592,1
3593,0
3594,1
3595,0
3596,0
3597,0
3598,0
3599,0
3600,1
3601,1
3602,0
3603,0
3604,1
3605,1
3606,0
3607,0
3608,1
3609,0
3610,0
3611,0
3612,0
3613,0
3614,0
3615,0
3616,1
3617,0
3618,1
3619,1
3620,1
3621,1
3622,1
3623,0
3624,0
3625,0
3626,1
3627,1
3628,0
3629,0
3630,0
3631,0
3632,1
3633,0
3634,0
3635,1
3636,1
3637,0
3638,1
3639,1
3640,0
3641,1
3642,0
3643,0
3644,0
3645,1
3646,1
3647,1
3648,0
3649,1
3650,0
3651,1
3652,1
3653,1
3654,0
3655,1
3656,1
3657,1
3658,0
3659,1
3660,0
3661,1
3662,1
3663,1
3664,1
3665,1
3666,1
3667,0
3668,1
3669,1
3670,0
3671,0
3672,0
3673,1
3674,1
3675,0
3676,0
3677,1
3678,1
3679,1
3680,0
3681,1
3682,0
3683,1
3684,1
3685,1
3686,1
3687,1
3688,1
3689,1
3690,1
3691,1
3692,1
3693,1
3694,0
3695,0
3696,0
3697,1
3698,1
3699,1
3700,1
3701,0
3702,1
3703,1
3704,1
3705,0
3706,0
3707,1
3708,0
3709,0
3710,1
3711,1
3712,1
3713,1
3714,0
3715,0
3716,1
3717,1
3718,0
3719,1
3720,1
3721,1
3722,1
3723,1
3724,1
3725,0
3726,0
3727,0
3728,0
3729,1
3730,0
3731,1
3732,1
3733,0
3734,0
3735,0
3736,0
3737,0
3738,1
3739,0
3740,0
3741,1
3742,1
3743,0
3744,0
3745,1
3746,0
3747,1
3748,1
3749,0
3750,0
3751,1
3752,1
3753,0
3754,1
3755,1
3756,0
3757,0
3758,0
3759,1
3760,1
3761,1
3762,1
3763,0
3764,0
3765,0
3766,0
3767,1
3768,1
3769,0
3770,1
3771,0
3772,1
3773,1
3774,0
3775,1
3776,0
3777,1
3778,1
3779,0
3780,1
3781,0
3782,1
3783,0
3784,0
3785,1
3786,1
3787,0
3788,1
3789,0
3790,0
3791,1
3792,0
3793,0
3794,1
3795,1
3796,0
3797,1
3798,1
3799,1
3800,0
3801,1
3802,1
3803,1
3804,1
3805,0
3806,0
3807,1
3808,0
3809,0
3810,1
3811,1
3812,0
3813,1
3814,1
3815,0
3816,1
3817,1
3818,0
3819,0
3820,1
3821,0
3822,1
3823,0
3824,1
3825,0
3826,0
3827,1
3828,0
3829,1
3830,0
3831,0
3832,0
3833,0
3834,0
3835,1
3836,0
3837,0
3838,1
3839,0
3840,0
3841,1
3842,0
3843,1
3844,0
3845,0
3846,0
3847,1
3848,1
3849,0
3850,1
3851,0
3852,1
3853,1
3854,0
3855,0
3856,0
3857,0
3858,1
3859,1
3860,1
3861,1
3862,0
3863,1
3864,0
3865,0
3866,0
3867,1
3868,0
3869,1
3870,1
3871,0
3872,1
3873,1
3874,0
3875,1
3876,1
3877,1
3878,1
3879,1
3880,1
3881,1
3882,0
3883,1
3884,0
3885,0
3886,0
3887,0
3888,0
3889,1
3890,1
3891,0
3892,1
3893,1
3894,1
3895,1
3896,0
3897,1
3898,1
3899,0
3900,1
3901,0
3902,1
3903,0
3904,0
3905,0
3906,0
3907,1
3908,1
3909,1
3910,0
3911,0
3912,1
3913,0
3914,0
3915,1
3916,1
3917,1
3918,0
3919,0
3920,1
3921,0
3922,0
3923,1
3924,0
3925,0
3926,0
3927,1
3928,1
3929,1
3930,1
3931,1
3932,1
3933,0
3934,1
3935,0
3936,1
3937,0
3938,1
3939,0
3940,1
3941,0
3942,0
3943,0
3944,0
3945,0
3946,0
3947,0
3948,0
3949,1
3950,1
3951,0
3952,1
3953,1
3954,0
3955,0
3956,0
3957,0
3958,0
3959,1
3960,0
3961,1
3962,1
3963,0
3964,0
3965,1
3966,0
3967,1
3968,0
3969,0
3970,1
3971,1
3972,0
3973,1
3974,1
3975,1
3976,0
3977,1
3978,1
3979,0
3980,0
3981,1
3982,1
3983,1
3984,1
3985,0
3986,1
3987,0
3988,0
3989,0
3990,0
3991,1
3992,1
3993,0
3994,0
3995,1
3996,1
3997,1
3998,1
3999,1
4000,1
4001,0
4002,1
4003,1
4004,1
4005,1
4006,0
4007,1
4008,0
4009,0
4010,0
4011,1
4012,1
4013,0
4014,0
4015,0
4016,0
4017,0
4018,0
4019,0
4020,1
4021,1
4022,1
4023,0
4024,0
4025,0
4026,0
4027,1
4028,0
4029,0
4030,1
4031,1
4032,0
4033,1
4034,1
4035,0
4036,1
4037,1
4038,0
4039,1
4040,1
4041,0
4042,1
4043,0
4044,1
4045,1
4046,0
4047,1
4048,1
4049,1
4050,0
4051,1
4052,1
4053,1
4054,1
4055,0
4056,1
4057,0
4058,1
4059,1
4060,0
4061,0
4062,1
4063,1
4064,1
4065,1
4066,1
4067,1
4068,0
4069,1
4070,1
4071,0
4072,0
4073,1
4074,1
4075,1
4076,1
4077,0
4078,0
4079,1
4080,1
4081,0
4082,0
4083,1
4084,1
4085,0
4086,1
4087,1
4088,0
4089,0
4090,1
4091,0
4092,1
4093,1
4094,0
4095,0
4096,0
4097,1
4098,1
4099,0
4100,0
4101,1
4102,1
4103,0
4104,0
4105,1
4106,0
4107,1
4108,1
4109,0
4110,0
4111,1
4112,0
4113,0
4114,0
4115,0
4116,0
4117,0
4118,1
4119,0
4120,0
4121,0
4122,0
4123,1
4124,0
4125,0
4126,1
4127,1
4128,1
4129,1
4130,0
4131,0
4132,0
4133,0
4134,0
4135,1
4136,0
4137,0
4138,0
4139,0
4140,1
4141,0
4142,0
4143,0
4144,0
4145,1
4146,0
4147,1
4148,0
4149,1
4150,1
4151,1
4152,1
4153,0
4154,0
4155,0
4156,0
4157,1
4158,0
4159,1
4160,1
4161,1
4162,1
4163,1
4164,0
4165,0
4166,0
4167,0
4168,1
4169,1
4170,0
4171,0
4172,0
4173,1
4174,0
4175,1
4176,0
4177,0
4178,0
4179,1
4180,0
4181,1
4182,1
4183,0
4184,1
4185,0
4186,0
4187,0
4188,1
4189,1
4190,0
4191,0
4192,0
4193,1
4194,1
4195,0
4196,1
4197,1
4198,0
4199,0
4200,0
4201,1
4202,1
4203,0
4204,1
4205,0
4206,1
4207,0
4208,0
4209,0
4210,0
4211,0
4212,0
4213,0
4214,0
4215,1
4216,0
4217,1
4218,0
4219,0
4220,1
4221,0
4222,1
4223,0
4224,1
4225,1
4226,0
4227,0
4228,1
4229,1
4230,0
4231,0
4232,0
4233,1
4234,0
4235,0
4236,0
4237,0
4238,1
4239,0
4240,1
4241,0
4242,0
4243,0
4244,1
4245,0
4246,1
4247,0
4248,1
4249,1
4250,0
4251,0
4252,1
4253,1
4254,0
4255,1
4256,0
4257,1
4258,0
4259,0
4260,0
4261,1
4262,1
4263,1
4264,1
4265,1
4266,0
4267,1
4268,0
4269,1
4270,1
4271,0
4272,0
4273,1
4274,0
4275,1
4276,1
4277,0
4278,1
4279,0
4280,1
4281,1
4282,0
4283,0
4284,0
4285,0
4286,1
4287,1
4288,1
4289,0
4290,0
4291,1
4292,0
4293,1
4294,1
4295,0
4296,1
4297,0
4298,1
4299,0
4300,0
4301,1
4302,0
4303,1
4304,1
4305,1
4306,0
4307,0
4308,1
4309,0
4310,0
4311,0
4312,0
4313,1
4314,1
4315,0
4316,0
4317,0
4318,1
4319,0
4320,0
4321,1
4322,1
4323,0
4324,1
4325,0
4326,1
4327,1
4328,1
4329,1
4330,1
4331,1
4332,1
4333,0
4334,1
4335,0
4336,0
4337,1
4338,0
4339,0
4340,0
4341,0
4342,0
4343,1
4344,0
4345,1
4346,1
4347,1
4348,1
4349,0
4350,1
4351,1
4352,0
4353,0
4354,1
4355,0
4356,0
4357,0
4358,1
4359,0
4360,0
4361,0
4362,0
4363,0
4364,1
4365,0
4366,1
4367,1
4368,1
4369,1
4370,1
4371,0
4372,1
4373,1
4374,0
4375,1
4376,0
4377,0
4378,0
4379,1
4380,1
4381,0
4382,1
4383,0
4384,0
4385,0
4386,0
4387,0
4388,0
4389,0
4390,1
4391,1
4392,0
4393,1
4394,1
4395,1
4396,1
4397,1
4398,1
4399,0
4400,1
4401,0
4402,1
4403,0
4404,0
4405,1
4406,1
4407,1
4408,1
4409,1
4410,0
4411,1
4412,0
4413,0
4414,1
4415,1
4416,0
4417,0
4418,1
4419,1
4420,0
4421,0
4422,1
4423,1
4424,1
4425,0
4426,0
4427,1
4428,0
4429,1
4430,0
4431,1
4432,1
4433,1
4434,1
4435,1
4436,0
4437,0
4438,1
4439,0
4440,1
4441,0
4442,0
4443,0
4444,0
4445,1
4446,1
4447,1
4448,0
4449,1
4450,0
4451,0
4452,0
4453,1
4454,0
4455,1
4456,0
4457,0
4458,1
4459,0
4460,1
4461,0
4462,1
4463,1
4464,0
4465,0
4466,0
4467,0
4468,0
4469,1
4470,0
4471,0
4472,0
4473,0
4474,0
4475,1
4476,0
4477,0
4478,0
4479,0
4480,0
4481,1
4482,1
4483,0
4484,0
4485,0
4486,0
4487,1
4488,0
4489,0
4490,0
4491,0
4492,1
4493,0
4494,1
4495,0
4496,1
4497,1
4498,0
4499,0
4500,1
4501,1
4502,0
4503,1
4504,1
4505,1
4506,0
4507,0
4508,0
4509,1
4510,0
4511,1
4512,1
4513,1
4514,1
4515,0
4516,0
4517,0
4518,0
4519,0
4520,1
4521,1
4522,0
4523,1
4524,1
4525,0
4526,1
4527,0
4528,1
4529,0
4530,0
4531,1
4532,1
4533,0
4534,0
4535,1
4536,0
4537,1
4538,0
4539,0
4540,0
4541,1
4542,0
4543,1
4544,1
4545,0
4546,1
4547,0
4548,0
4549,0
4550,0
4551,0
4552,0
4553,0
4554,0
4555,1
4556,0
4557,1
4558,1
4559,1
4560,1
4561,1
4562,0
4563,1
4564,1
4565,0
4566,0
4567,1
4568,1
4569,1
4570,0
4571,0
4572,0
4573,1
4574,1
4575,1
4576,1
4577,0
4578,0
4579,1
4580,0
4581,0
4582,1
4583,1
4584,0
4585,0
4586,0
4587,0
4588,0
4589,1
4590,0
4591,1
4592,1
4593,1
4594,0
4595,0
4596,0
4597,0
4598,1
4599,0
4600,0
4601,0
4602,0
4603,1
4604,1
4605,1
4606,0
4607,0
4608,0
4609,1
4610,0
4611,1
4612,0
4613,0
4614,0
4615,0
4616,1
4617,0
4618,1
4619,1
4620,0
4621,0
4622,0
4623,1
4624,0
4625,0
4626,0
4627,1
4628,1
4629,1
4630,1
4631,1
4632,0
4633,1
4634,1
4635,1
4636,0
4637,0
4638,0
4639,1
4640,1
4641,1
4642,0
4643,0
4644,0
4645,0
4646,0
4647,0
4648,0
4649,0
4650,0
4651,0
4652,1
4653,1
4654,0
4655,0
4656,0
4657,1
4658,1
4659,0
4660,1
4661,0
4662,1
4663,0
4664,1
4665,0
4666,0
4667,1
4668,1
4669,1
4670,1
4671,0
4672,1
4673,1
4674,1
4675,0
4676,1
4677,0
4678,1
4679,0
4680,0
4681,1
4682,1
4683,1
4684,0
4685,0
4686,1
4687,0
4688,1
4689,1
4690,1
4691,0
4692,0
4693,1
4694,1
4695,1
4696,0
4697,1
4698,0
4699,0
4700,1
4701,1
4702,0
4703,1
4704,0
4705,1
4706,0
4707,0
4708,0
4709,1
4710,0
4711,0
4712,1
4713,0
4714,1
4715,1
4716,1
4717,1
4718,1
4719,1
4720,0
4721,1
4722,0
4723,1
4724,1
4725,1
4726,0
4727,0
4728,1
4729,1
4730,1
4731,0
4732,0
4733,1
4734,0
4735,1
4736,1
4737,1
4738,0
4739,1
4740,1
4741,1
4742,1
4743,1
4744,1
4745,0
4746,0
4747,1
4748,1
4749,1
4750,1
4751,0
4752,1
4753,0
4754,0
4755,1
4756,0
4757,1
4758,1
4759,1
4760,0
4761,0
4762,0
4763,1
4764,1
4765,1
4766,0
4767,1
4768,0
4769,1
4770,1
4771,1
4772,1
4773,0
4774,0
4775,0
4776,0
4777,1
4778,1
4779,1
4780,0
4781,0
4782,1
4783,1
4784,1
4785,0
4786,0
4787,0
4788,0
4789,1
4790,0
4791,0
4792,1
4793,1
4794,1
4795,0
4796,0
4797,1
4798,1
4799,1
4800,1
4801,1
4802,0
4803,0
4804,1
4805,1
4806,0
4807,1
4808,1
4809,1
4810,0
4811,0
4812,0
4813,0
4814,1
4815,0
4816,0
4817,1
4818,1
4819,0
4820,1
4821,1
4822,1
4823,1
4824,0
4825,0
4826,0
4827,1
4828,0
4829,1
4830,0
4831,0
4832,0
4833,1
4834,1
4835,1
4836,1
4837,0
4838,0
4839,1
4840,0
4841,1
4842,1
4843,1
4844,1
4845,0
4846,1
4847,1
4848,0
4849,0
4850,0
4851,1
4852,0
4853,0
4854,1
4855,1
4856,1
4857,1
4858,1
4859,1
4860,0
4861,1
4862,0
4863,0
4864,1
4865,0
4866,1
4867,0
4868,0
4869,1
4870,0
4871,1
4872,0
4873,0
4874,1
4875,1
4876,0
4877,1
4878,0
4879,1
4880,0
4881,0
4882,0
4883,0
4884,0
4885,1
4886,0
4887,1
4888,1
4889,1
4890,1
4891,1
4892,0
4893,0
4894,1
4895,0
4896,1
4897,1
4898,0
4899,0
4900,0
4901,1
4902,1
4903,1
4904,0
4905,1
4906,0
4907,1
4908,1
4909,1
4910,0
4911,0
4912,1
4913,0
4914,1
4915,1
4916,0
4917,1
4918,0
4919,0
4920,1
4921,0
4922,1
4923,0
4924,0
4925,0
4926,1
4927,0
4928,0
4929,1
4930,1
4931,1
4932,0
4933,1
4934,0
4935,0
4936,1
4937,0
4938,0
4939,1
4940,0
4941,1
4942,0
4943,0
4944,0
4945,1
4946,0
4947,0
4948,1
4949,0
4950,1
4951,0
4952,1
4953,1
4954,1
4955,0
4956,1
4957,1
4958,1
4959,0
4960,1
4961,1
4962,1
4963,0
4964,1
4965,0
4966,1
4967,1
4968,1
4969,1
4970,1
4971,0
4972,1
4973,0
4974,0
4975,1
4976,0
4977,0
4978,0
4979,0
4980,0
4981,0
4982,1
4983,0
4984,1
4985,1
4986,1
4987,0
4988,0
4989,0
4990,1
4991,0
4992,0
4993,0
4994,1
4995,1
4996,0
4997,1
4998,1
4999,0
5000,1
5001,1
5002,1
5003,1
5004,1
5005,1
5006,0
5007,1
5008,1
5009,1
5010,1
5011,1
5012,0
5013,0
5014,1
5015,0
5016,1
5017,0
5018,0
5019,0
5020,0
5021,1
5022,1
5023,1
5024,1
5025,1
5026,1
5027,1
5028,0
5029,0
5030,1
5031,1
5032,1
5033,1
5034,1
5035,1
5036,0
5037,0
5038,1
5039,0
5040,0
5041,1
5042,1
5043,1
5044,1
5045,1
5046,0
5047,0
5048,0
5049,0
5050,1
5051,1
5052,1
5053,0
5054,1
5055,0
5056,1
5057,1
5058,1
5059,1
5060,0
5061,0
5062,0
5063,1
5064,1
5065,1
5066,0
5067,1
5068,1
5069,1
5070,1
5071,0
5072,1
5073,1
5074,1
5075,1
5076,1
5077,0
5078,1
5079,0
5080,1
5081,1
5082,0
5083,0
5084,0
5085,0
5086,0
5087,1
5088,0
5089,0
5090,0
5091,1
5092,1
5093,1
5094,0
5095,0
5096,1
5097,0
5098,1
5099,0
5100,1
5101,1
5102,1
5103,1
5104,1
5105,1
5106,0
5107,0
5108,0
5109,1
5110,0
5111,0
5112,1
5113,0
5114,1
5115,1
5116,0
5117,0
5118,1
5119,1
5120,0
5121,1
5122,1
5123,1
5124,1
5125,0
5126,0
5127,1
5128,1
5129,0
5130,0
5131,1
5132,0
5133,0
5134,1
5135,0
5136,1
5137,1
5138,0
5139,0
5140,0
5141,0
5142,0
5143,1
5144,0
5145,1
5146,0
5147,1
5148,0
5149,1
5150,1
5151,1
5152,0
5153,0
5154,1
5155,0
5156,0
5157,1
5158,1
5159,0
5160,1
5161,0
5162,0
5163,0
5164,1
5165,0
5166,1
5167,0
5168,1
5169,1
5170,0
5171,0
5172,1
5173,0
5174,0
5175,0
5176,1
5177,0
5178,1
5179,1
5180,1
5181,1
5182,1
5183,1
5184,0
5185,1
5186,1
5187,0
5188,1
5189,1
5190,1
5191,0
5192,0
5193,1
5194,0
5195,1
5196,0
5197,0
5198,1
5199,0
5200,1
5201,1
5202,0
5203,0
5204,1
5205,1
5206,0
5207,1
5208,1
5209,1
5210,0
5211,1
5212,1
5213,0
5214,0
5215,1
5216,1
5217,1
5218,1
5219,0
5220,0
5221,0
5222,1
5223,0
5224,0
5225,0
5226,0
5227,1
5228,0
5229,1
5230,1
5231,1
5232,1
5233,0
5234,1
5235,1
5236,1
5237,0
5238,0
5239,0
5240,1
5241,1
5242,0
5243,0
5244,0
5245,0
5246,1
5247,1
5248,0
5249,0
5250,1
5251,1
5252,1
5253,1
5254,0
5255,1
5256,0
5257,0
5258,1
5259,0
5260,0
5261,1
5262,0
5263,0
5264,1
5265,1
5266,0
5267,1
5268,1
5269,1
5270,1
5271,0
5272,0
5273,1
5274,0
5275,0
5276,1
5277,1
5278,0
5279,0
5280,0
5281,1
5282,1
5283,0
5284,0
5285,1
5286,1
5287,1
5288,1
5289,1
5290,1
5291,0
5292,0
5293,1
5294,1
5295,1
5296,1
5297,0
5298,1
5299,0
5300,0
5301,0
5302,0
5303,1
5304,1
5305,1
5306,0
5307,0
5308,1
5309,0
5310,0
5311,1
5312,1
5313,1
5314,1
5315,0
5316,0
5317,1
5318,1
5319,1
5320,0
5321,0
5322,1
5323,1
5324,1
5325,0
5326,1
5327,1
5328,0
5329,0
5330,1
5331,0
5332,1
5333,0
5334,0
5335,0
5336,0
5337,1
5338,0
5339,0
5340,0
5341,1
5342,0
5343,1
5344,0
5345,0
5346,1
5347,1
5348,1
5349,0
5350,1
5351,0
5352,0
5353,1
5354,0
5355,1
5356,1
5357,1
5358,0
5359,1
5360,1
5361,0
5362,1
5363,1
5364,1
5365,1
5366,1
5367,0
5368,1
5369,1
5370,0
5371,0
5372,0
5373,1
5374,1
5375,0
5376,1
5377,0
5378,0
5379,1
5380,1
5381,1
5382,1
5383,1
5384,0
5385,0
5386,1
5387,0
5388,0
5389,1
5390,1
5391,1
5392,1
5393,1
5394,1
5395,0
5396,0
5397,0
5398,0
5399,0
5400,1
5401,0
5402,1
5403,0
5404,1
5405,0
5406,0
5407,0
5408,0
5409,1
5410,1
5411,0
5412,0
5413,0
5414,1
5415,0
5416,1
5417,0
5418,1
5419,1
5420,1
5421,0
5422,0
5423,1
5424,1
5425,1
5426,1
5427,0
5428,0
5429,1
5430,1
5431,0
5432,0
5433,1
5434,1
5435,0
5436,1
5437,0
5438,1
5439,1
5440,0
5441,1
5442,0
5443,0
5444,1
5445,1
5446,1
5447,1
5448,0
5449,0
5450,0
5451,0
5452,1
5453,0
5454,1
5455,0
5456,0
5457,0
5458,1
5459,1
5460,1
5461,0
5462,0
5463,1
5464,1
5465,1
5466,1
5467,0
5468,1
5469,1
5470,1
5471,1
5472,0
5473,1
5474,1
5475,1
5476,0
5477,1
5478,1
5479,1
5480,0
5481,0
5482,1
5483,0
5484,1
5485,0
5486,1
5487,1
5488,0
5489,0
5490,1
5491,1
5492,1
5493,1
5494,1
5495,0
5496,0
5497,0
5498,1
5499,0
5500,1
5501,0
5502,0
5503,0
5504,0
5505,1
5506,0
5507,1
5508,1
5509,0
5510,0
5511,0
5512,0
5513,0
5514,0
5515,0
5516,0
5517,0
5518,0
5519,0
5520,0
5521,1
5522,0
5523,1
5524,0
5525,0
5526,1
5527,1
5528,1
5529,1
5530,1
5531,1
5532,0
5533,0
5534,0
5535,1
5536,1
5537,1
5538,0
5539,0
5540,1
5541,0
5542,1
5543,0
5544,1
5545,1
5546,1
5547,1
5548,1
5549,0
5550,0
5551,0
5552,1
5553,0
5554,1
5555,0
5556,0
5557,1
5558,1
5559,0
5560,0
5561,0
5562,0
5563,1
5564,1
5565,0
5566,1
5567,0
5568,1
5569,0
5570,0
5571,1
5572,0
5573,1
5574,0
5575,0
5576,1
5577,0
5578,1
5579,1
5580,1
5581,0
5582,0
5583,0
5584,0
5585,0
5586,1
5587,1
5588,0
5589,1
5590,1
5591,1
5592,1
5593,0
5594,1
5595,1
5596,0
5597,0
5598,0
5599,1
5600,0
5601,0
5602,0
5603,1
5604,1
5605,0
5606,1
5607,0
5608,1
5609,1
5610,0
5611,0
5612,0
5613,1
5614,0
5615,0
5616,1
5617,1
5618,0
5619,0
5620,0
5621,0
5622,0
5623,1
5624,1
5625,0
5626,1
5627,1
5628,0
5629,1
5630,1
5631,0
5632,1
5633,1
5634,1
5635,1
5636,1
5637,0
5638,0
5639,0
5640,0
5641,1
5642,0
5643,1
5644,1
5645,1
5646,0
5647,1
5648,1
5649,1
5650,0
5651,1
5652,1
5653,1
5654,1
5655,0
5656,1
5657,0
5658,1
5659,1
5660,0
5661,0
5662,0
5663,1
5664,1
5665,0
5666,0
5667,1
5668,0
5669,0
5670,1
5671,0
5672,0
5673,0
5674,1
5675,0
5676,1
5677,1
5678,1
5679,0
5680,1
5681,1
5682,0
5683,0
5684,1
5685,1
5686,1
5687,1
5688,0
5689,1
5690,1
5691,1
5692,1
5693,0
5694,1
5695,1
5696,1
5697,1
5698,0
5699,0
5700,0
5701,1
5702,0
5703,0
5704,0
5705,1
5706,1
5707,0
5708,0
5709,0
5710,1
5711,1
5712,0
5713,0
5714,0
5715,1
5716,1
5717,1
5718,1
5719,1
5720,1
5721,0
5722,1
5723,0
5724,1
5725,0
5726,1
5727,1
5728,1
5729,0
5730,1
5731,1
5732,0
5733,0
5734,1
5735,1
5736,0
5737,0
5738,0
5739,0
5740,0
5741,0
5742,1
5743,1
5744,1
5745,1
5746,0
5747,1
5748,1
5749,1
5750,1
5751,1
5752,1
5753,0
5754,0
5755,1
5756,1
5757,1
5758,1
5759,1
5760,0
5761,1
5762,0
5763,1
5764,0
5765,0
5766,1
5767,1
5768,0
5769,1
5770,0
5771,1
5772,0
5773,1
5774,1
5775,0
5776,1
5777,1
5778,1
5779,1
5780,1
5781,0
5782,1
5783,1
5784,1
5785,1
5786,1
5787,1
5788,0
5789,0
5790,1
5791,1
5792,0
5793,0
5794,1
5795,1
5796,0
5797,0
5798,0
5799,0
5800,0
5801,1
5802,0
5803,1
5804,1
5805,1
5806,0
5807,0
5808,0
5809,1
5810,0
5811,0
5812,1
5813,1
5814,1
5815,1
5816,0
5817,1
5818,1
5819,0
5820,0
5821,0
5822,0
5823,0
5824,0
5825,0
5826,1
5827,1
5828,1
5829,1
5830,0
5831,1
5832,1
5833,1
5834,0
5835,1
5836,1
5837,0
5838,1
5839,0
5840,0
5841,0
5842,1
5843,0
5844,0
5845,0
5846,0
5847,0
5848,1
5849,1
5850,1
5851,1
5852,0
5853,0
5854,1
5855,0
5856,0
5857,0
5858,1
5859,1
5860,0
5861,1
5862,0
5863,1
5864,0
5865,1
5866,1
5867,1
5868,0
5869,1
5870,0
5871,1
5872,0
5873,0
5874,0
5875,1
5876,1
5877,0
5878,0
5879,1
5880,0
5881,0
5882,0
5883,0
5884,0
5885,1
5886,0
5887,0
5888,0
5889,0
5890,0
5891,1
5892,0
5893,1
5894,1
5895,1
5896,1
5897,1
5898,1
5899,0
5900,0
5901,0
5902,1
5903,1
5904,1
5905,0
5906,1
5907,0
5908,1
5909,0
5910,0
5911,1
5912,0
5913,1
5914,1
5915,1
5916,1
5917,1
5918,0
5919,1
5920,1
5921,0
5922,0
5923,0
5924,1
5925,0
5926,1
5927,0
5928,0
5929,0
5930,1
5931,1
5932,1
5933,0
5934,1
5935,1
5936,0
5937,1
5938,1
5939,1
5940,0
5941,0
5942,1
5943,0
5944,1
5945,1
5946,0
5947,0
5948,1
5949,0
5950,1
5951,0
5952,1
5953,1
5954,1
5955,1
5956,1
5957,1
5958,1
5959,1
5960,1
5961,1
5962,0
5963,1
5964,1
5965,0
5966,0
5967,0
5968,0
5969,1
5970,0
5971,0
5972,0
5973,0
5974,0
5975,0
5976,1
5977,1
5978,0
5979,0
5980,1
5981,0
5982,1
5983,1
5984,1
5985,1
5986,1
5987,0
5988,0
5989,1
5990,0
5991,0
5992,0
5993,1
5994,0
5995,0
5996,0
5997,0
5998,1
5999,1
6000,0
6001,0
6002,0
6003,1
6004,0
6005,1
6006,0
6007,1
6008,0
6009,0
6010,0
6011,0
6012,0
6013,1
6014,0
6015,1
6016,0
6017,1
6018,1
6019,1
6020,1
6021,1
6022,1
6023,1
6024,0
6025,0
6026,0
6027,1
6028,1
6029,1
6030,1
6031,0
6032,1
6033,0
6034,0
6035,1
6036,1
6037,0
6038,0
6039,0
6040,0
6041,1
6042,1
6043,0
6044,0
6045,0
6046,0
6047,0
6048,1
6049,0
6050,1
6051,1
6052,0
6053,1
6054,0
6055,0
6056,1
6057,0
6058,0
6059,0
6060,1
6061,0
6062,1
6063,1
6064,1
6065,1
6066,0
6067,1
6068,0
6069,1
6070,1
6071,0
6072,1
6073,1
6074,1
6075,0
6076,0
6077,1
6078,0
6079,1
6080,1
6081,1
6082,0
6083,0
6084,0
6085,0
6086,0
6087,1
6088,1
6089,1
6090,1
6091,0
6092,0
6093,1
6094,1
6095,0
6096,0
6097,0
6098,0
6099,1
6100,1
6101,0
6102,1
6103,1
6104,0
6105,0
6106,0
6107,1
6108,0
6109,1
6110,1
6111,1
6112,0
6113,0
6114,1
6115,0
6116,1
6117,0
6118,0
6119,1
6120,0
6121,0
6122,0
6123,0
6124,0
6125,0
6126,1
6127,1
6128,1
6129,0
6130,1
6131,1
6132,1
6133,0
6134,0
6135,1
6136,0
6137,0
6138,0
6139,0
6140,1
6141,1
6142,0
6143,0
6144,1
6145,1
6146,1
6147,0
6148,0
6149,1
6150,0
6151,1
6152,0
6153,1
6154,1
6155,1
6156,1
6157,0
6158,1
6159,0
6160,0
6161,0
6162,0
6163,1
6164,0
6165,1
6166,0
6167,0
6168,0
6169,0
6170,0
6171,0
6172,1
6173,1
6174,1
6175,0
6176,1
6177,1
6178,0
6179,0
6180,1
6181,0
6182,0
6183,0
6184,1
6185,0
6186,0
6187,0
6188,0
6189,0
6190,0
6191,0
6192,0
6193,0
6194,0
6195,1
6196,1
6197,0
6198,0
6199,1
6200,1
6201,0
6202,0
6203,1
6204,0
6205,0
6206,0
6207,1
6208,1
6209,0
6210,0
6211,1
6212,0
6213,1
6214,1
6215,0
6216,1
6217,1
6218,1
6219,1
6220,0
6221,0
6222,1
6223,0
6224,1
6225,1
6226,1
6227,0
6228,0
6229,1
6230,1
6231,0
6232,0
6233,1
6234,0
6235,0
6236,1
6237,0
6238,1
6239,1
6240,0
6241,1
6242,0
6243,1
6244,1
6245,0
6246,0
6247,0
6248,0
6249,0
6250,1
6251,1
6252,1
6253,0
6254,1
6255,0
6256,0
6257,0
6258,0
6259,1
6260,1
6261,0
6262,0
6263,1
6264,0
6265,1
6266,1
6267,0
6268,0
6269,0
6270,1
6271,1
6272,0
6273,1
6274,0
6275,1
6276,0
6277,1
6278,0
6279,0
6280,0
6281,1
6282,1
6283,1
6284,0
6285,1
6286,1
6287,1
6288,1
6289,1
6290,1
6291,1
6292,1
6293,0
6294,0
6295,1
6296,1
6297,1
6298,1
6299,0
6300,0
6301,0
6302,1
6303,1
6304,0
6305,0
6306,1
6307,1
6308,0
6309,1
6310,0
6311,0
6312,1
6313,0
6314,0
6315,1
6316,0
6317,1
6318,1
6319,0
6320,1
6321,1
6322,1
6323,1
6324,0
6325,0
6326,0
6327,0
6328,0
6329,0
6330,0
6331,0
6332,1
6333,1
6334,0
6335,1
6336,1
6337,1
6338,1
6339,1
6340,1
6341,0
6342,1
6343,1
6344,1
6345,0
6346,1
6347,0
6348,1
6349,0
6350,0
6351,1
6352,0
6353,0
6354,0
6355,1
6356,0
6357,1
6358,0
6359,0
6360,1
6361,1
6362,0
6363,0
6364,1
6365,0
6366,0
6367,1
6368,1
6369,1
6370,1
6371,0
6372,1
6373,0
6374,1
6375,1
6376,1
6377,0
6378,0
6379,1
6380,0
6381,1
6382,1
6383,0
6384,1
6385,0
6386,0
6387,0
6388,0
6389,0
6390,1
6391,1
6392,1
6393,0
6394,1
6395,1
6396,1
6397,1
6398,1
6399,1
6400,1
6401,0
6402,1
6403,0
6404,0
6405,1
6406,1
6407,1
6408,0
6409,1
6410,1
6411,1
6412,1
6413,1
6414,1
6415,1
6416,0
6417,1
6418,0
6419,1
6420,0
6421,0
6422,1
6423,0
6424,0
6425,1
6426,0
6427,0
6428,1
6429,1
6430,0
6431,0
6432,1
6433,0
6434,1
6435,1
6436,1
6437,1
6438,0
6439,0
6440,1
6441,1
6442,1
6443,0
