id,label
0,0
1,1
2,1
3,1
4,1
5,0
6,1
7,0
8,0
9,0
10,0
11,1
12,0
13,1
14,0
15,1
16,0
17,0
18,0
19,1
20,1
21,0
22,0
23,0
24,0
25,0
26,1
27,0
28,0
29,1
30,0
31,0
32,1
33,0
34,0
35,1
36,0
37,1
38,0
39,0
40,0
41,1
42,1
43,1
44,0
45,0
46,1
47,1
48,0
49,0
50,1
51,0
52,1
53,0
54,0
55,0
56,1
57,1
58,1
59,1
60,0
61,0
62,0
63,0
64,0
65,0
66,0
67,1
68,1
69,1
70,1
71,0
72,1
73,0
74,1
75,0
76,0
77,1
78,0
79,0
80,0
81,1
82,1
83,1
84,0
85,0
86,0
87,0
88,0
89,0
90,0
91,0
92,0
93,0
94,0
95,0
96,1
97,0
98,1
99,1
100,0
101,0
102,0
103,0
104,1
105,0
106,0
107,1
108,1
109,1
110,0
111,1
112,0
113,1
114,0
115,0
116,0
117,1
118,0
119,1
120,1
121,1
122,1
123,1
124,0
125,0
126,0
127,1
128,1
129,1
130,0
131,1
132,0
133,1
134,0
135,0
136,0
137,1
138,1
139,0
140,0
141,0
142,1
143,0
144,0
145,0
146,0
147,1
148,1
149,1
150,1
151,0
152,1
153,1
154,1
155,0
156,1
157,1
158,0
159,0
160,1
161,1
162,0
163,0
164,1
165,0
166,1
167,1
168,0
169,1
170,0
171,1
172,1
173,1
174,0
175,1
176,0
177,0
178,0
179,1
180,0
181,1
182,1
183,1
184,1
185,1
186,0
187,0
188,1
189,0
190,1
191,0
192,1
193,0
194,0
195,1
196,0
197,0
198,1
199,1
200,0
201,0
202,0
203,0
204,1
205,1
206,0
207,0
208,0
209,0
210,1
211,0
212,1
213,1
214,1
215,0
216,0
217,1
218,1
219,1
220,1
221,1
222,0
223,1
224,0
225,1
226,0
227,1
228,0
229,0
230,0
231,0
232,1
233,0
234,0
235,1
236,1
237,0
238,1
239,1
240,1
241,0
242,1
243,1
244,1
245,0
246,0
247,1
248,1
249,0
250,1
251,0
252,1
253,1
254,0
255,1
256,0
257,1
258,0
259,0
260,0
261,0
262,1
263,0
264,0
265,1
266,0
267,1
268,0
269,1
270,1
271,1
272,1
273,0
274,0
275,0
276,0
277,0
278,1
279,1
280,1
281,1
282,1
283,0
284,1
285,1
286,1
287,1
288,1
289,0
290,0
291,0
292,0
293,1
294,0
295,0
296,0
297,1
298,0
299,1
300,1
301,1
302,0
303,1
304,1
305,1
306,1
307,1
308,0
309,0
310,1
311,0
312,0
313,0
314,1
315,1
316,1
317,0
318,0
319,1
320,0
321,0
322,0
323,1
324,0
325,1
326,1
327,1
328,1
329,1
330,1
331,1
332,0
333,0
334,1
335,1
336,1
337,0
338,0
339,0
340,0
341,0
342,0
343,1
344,1
345,0
346,0
347,1
348,1
349,1
350,0
351,1
352,0
353,0
354,1
355,1
356,1
357,0
358,1
359,1
360,0
361,0
362,1
363,0
364,0
365,0
366,0
367,0
368,0
369,1
370,1
371,1
372,0
373,0
374,0
375,0
376,1
377,0
378,0
379,0
380,0
381,1
382,0
383,1
384,0
385,0
386,1
387,1
388,0
389,0
390,0
391,0
392,1
393,0
394,1
395,0
396,1
397,1
398,0
399,1
400,1
401,1
402,1
403,0
404,1
405,0
406,1
407,1
408,0
409,0
410,1
411,1
412,1
413,1
414,0
415,1
416,0
417,0
418,1
419,0
420,0
421,1
422,0
423,1
424,0
425,0
426,1
427,1
428,0
429,1
430,0
431,0
432,0
433,0
434,0
435,0
436,1
437,1
438,1
439,0
440,0
441,1
442,1
443,1
444,0
445,0
446,1
447,1
448,1
449,1
450,1
451,0
452,1
453,1
454,1
455,0
456,1
457,1
458,0
459,1
460,1
461,1
462,0
463,1
464,1
465,1
466,0
467,1
468,1
469,0
470,1
471,1
472,0
473,0
474,1
475,0
476,1
477,1
478,0
479,1
480,0
481,1
482,0
483,0
484,0
485,0
486,0
487,1
488,0
489,1
490,0
491,1
492,0
493,0
494,1
495,1
496,1
497,1
498,1
499,0
500,1
501,1
502,1
503,1
504,0
505,1
506,0
507,0
508,0
509,1
510,1
511,0
512,0
513,1
514,0
515,1
516,0
517,1
518,1
519,1
520,0
521,1
522,0
523,0
524,1
525,0
526,0
527,1
528,0
529,1
530,1
531,1
532,1
533,0
534,1
535,1
536,1
537,1
538,0
539,0
540,1
541,0
542,0
543,1
544,0
545,1
546,0
547,1
548,1
549,0
550,0
551,0
552,1
553,0
554,1
555,1
556,1
557,0
558,0
559,1
560,0
561,0
562,1
563,0
564,0
565,0
566,1
567,0
568,0
569,1
570,1
571,0
572,0
573,0
574,1
575,1
576,0
577,1
578,1
579,1
580,1
581,0
582,1
583,1
584,0
585,0
586,1
587,1
588,1
589,1
590,0
591,1
592,1
593,1
594,0
595,0
596,0
597,0
598,1
599,0
600,1
601,1
602,1
603,1
604,0
605,1
606,0
607,0
608,1
609,0
610,0
611,1
612,0
613,0
614,1
615,0
616,1
617,0
618,0
619,0
620,1
621,1
622,0
623,1
624,0
625,1
626,1
627,0
628,0
629,1
630,1
631,0
632,1
633,0
634,1
635,0
636,1
637,0
638,1
639,0
640,1
641,1
642,0
643,1
644,1
645,0
646,0
647,1
648,0
649,0
650,0
651,0
652,0
653,0
654,1
655,1
656,0
657,1
658,1
659,1
660,0
661,0
662,1
663,0
664,1
665,0
666,0
667,0
668,0
669,0
670,0
671,1
672,1
673,1
674,0
675,1
676,0
677,0
678,1
679,0
680,1
681,0
682,0
683,1
684,1
685,1
686,1
687,0
688,1
689,0
690,0
691,1
692,1
693,0
694,1
695,1
696,0
697,0
698,1
699,0
700,1
701,1
702,0
703,0
704,1
705,0
706,0
707,1
708,0
709,0
710,1
711,1
712,1
713,1
714,0
715,0
716,1
717,0
718,0
719,0
720,1
721,1
722,0
723,1
724,1
725,0
726,0
727,0
728,0
729,1
730,0
731,1
732,0
733,1
734,0
735,0
736,0
737,1
738,0
739,0
740,1
741,0
742,1
743,0
744,1
745,0
746,0
747,0
748,1
749,1
750,1
751,0
752,0
753,0
754,0
755,0
756,0
757,0
758,1
759,0
760,1
761,0
762,0
763,0
764,1
765,0
766,0
767,0
768,0
769,1
770,0
771,0
772,0
773,1
774,0
775,0
776,0
777,1
778,1
779,1
780,0
781,0
782,1
783,1
784,1
785,0
786,0
787,1
788,1
789,0
790,0
791,0
792,0
793,0
794,1
795,0
796,1
797,0
798,1
799,1
800,1
801,1
802,0
803,0
804,0
805,1
806,0
807,1
808,1
809,0
810,0
811,1
812,1
813,1
814,1
815,0
816,1
817,0
818,1
819,0
820,1
821,0
822,1
823,1
824,1
825,1
826,1
827,0
828,0
829,0
830,0
831,1
832,0
833,1
834,1
835,1
836,1
837,0
838,1
839,1
840,1
841,0
842,1
843,1
844,0
845,1
846,0
847,0
848,1
849,0
850,0
851,1
852,1
853,0
854,1
855,0
856,1
857,1
858,1
859,1
860,0
861,0
862,1
863,0
864,1
865,1
866,1
867,0
868,1
869,1
870,1
871,0
872,1
873,1
874,1
875,1
876,0
877,0
878,1
879,0
880,1
881,0
882,0
883,1
884,1
885,0
886,0
887,1
888,0
889,1
890,1
891,1
892,1
893,1
894,1
895,1
896,0
897,0
898,0
899,0
900,0
901,1
902,0
903,1
904,0
905,1
906,1
907,1
908,1
909,0
910,0
911,0
912,1
913,1
914,0
915,0
916,0
917,0
918,1
919,0
920,0
921,1
922,0
923,1
924,0
925,0
926,1
927,1
928,1
929,1
930,1
931,1
932,0
933,1
934,0
935,1
936,1
937,0
938,1
939,1
940,0
941,1
942,0
943,0
944,1
945,1
946,0
947,0
948,0
949,0
950,0
951,1
952,0
953,1
954,0
955,1
956,1
957,1
958,0
959,0
960,0
961,1
962,1
963,1
964,0
965,0
966,0
967,1
968,0
969,1
970,1
971,1
972,1
973,1
974,1
975,1
976,1
977,1
978,1
979,1
980,0
981,1
982,1
983,1
984,0
985,0
986,0
987,0
988,0
989,1
990,0
991,1
992,0
993,0
994,1
995,1
996,1
997,0
998,0
999,1
1000,1
1001,1
1002,1
1003,1
1004,1
1005,0
1006,0
1007,1
1008,0
1009,1
1010,1
1011,1
1012,0
1013,0
1014,1
1015,0
1016,1
1017,0
1018,0
1019,1
1020,1
1021,0
1022,1
1023,0
1024,1
1025,0
1026,0
1027,1
1028,1
1029,1
1030,1
1031,0
1032,0
1033,1
1034,1
1035,1
1036,0
1037,1
1038,0
1039,1
1040,1
1041,0
1042,0
1043,0
1044,1
1045,0
1046,0
1047,0
1048,1
1049,0
1050,1
1051,0
1052,1
1053,0
1054,1
1055,0
1056,1
1057,1
1058,1
1059,1
1060,0
1061,0
1062,1
1063,0
1064,1
1065,1
1066,0
1067,1
1068,1
1069,1
1070,1
1071,1
1072,1
1073,0
1074,0
1075,0
1076,0
1077,0
1078,1
1079,1
1080,0
1081,0
1082,1
1083,0
1084,1
1085,1
1086,1
1087,1
1088,0
1089,1
1090,1
1091,1
1092,0
1093,0
1094,1
1095,0
1096,0
1097,0
1098,1
1099,1
1100,1
1101,0
1102,1
1103,1
1104,0
1105,1
1106,0
1107,0
1108,0
1109,1
1110,1
1111,0
1112,0
1113,0
1114,0
1115,0
1116,0
1117,1
1118,1
1119,1
1120,1
1121,0
1122,0
1123,1
1124,0
1125,0
1126,0
1127,0
1128,1
1129,0
1130,1
1131,0
1132,0
1133,1
1134,1
1135,0
1136,1
1137,1
1138,0
1139,1
1140,0
1141,0
1142,1
1143,0
1144,0
1145,0
1146,1
1147,0
1148,1
1149,1
1150,0
1151,0
1152,0
1153,0
1154,0
1155,1
1156,1
1157,1
1158,1
1159,1
1160,1
1161,0
1162,0
1163,0
1164,1
1165,0
1166,0
1167,0
1168,1
1169,1
1170,1
1171,1
1172,1
1173,1
1174,1
1175,0
1176,0
1177,0
1178,0
1179,1
1180,0
1181,0
1182,1
1183,0
1184,0
1185,0
1186,1
1187,1
1188,0
1189,1
1190,0
1191,1
1192,0
1193,0
1194,0
1195,0
1196,1
1197,0
1198,0
1199,1
1200,0
1201,1
1202,1
1203,0
1204,1
1205,0
1206,0
1207,0
1208,1
1209,0
1210,0
1211,0
1212,0
1213,1
1214,1
1215,0
1216,1
1217,1
1218,0
1219,0
1220,0
1221,0
1222,0
1223,1
1224,0
1225,1
1226,1
1227,1
1228,1
1229,0
1230,1
1231,1
1232,0
1233,1
1234,0
1235,0
1236,0
1237,1
1238,0
1239,1
1240,1
1241,1
1242,1
1243,0
1244,0
1245,0
1246,1
1247,0
1248,1
1249,0
1250,0
1251,1
1252,0
1253,0
1254,0
1255,0
1256,1
1257,1
1258,0
1259,1
1260,1
1261,0
1262,1
1263,1
1264,1
1265,1
1266,0
1267,1
1268,0
1269,1
1270,1
1271,0
1272,1
1273,0
1274,1
1275,1
1276,1
1277,1
1278,1
1279,1
1280,0
1281,0
1282,1
1283,1
1284,1
1285,0
1286,1
1287,0
1288,0
1289,1
1290,1
1291,0
1292,1
1293,0
1294,1
1295,1
1296,1
1297,1
1298,0
1299,1
1300,1
1301,1
1302,0
1303,0
1304,0
1305,0
1306,1
1307,1
1308,1
1309,0
1310,1
1311,0
1312,0
1313,1
1314,0
1315,0
1316,1
1317,0
1318,1
1319,1
1320,0
1321,1
1322,0
1323,0
1324,0
1325,0
1326,1
1327,0
1328,0
1329,0
1330,1
1331,0
1332,1
1333,1
1334,1
1335,0
1336,1
1337,1
1338,1
1339,1
1340,1
1341,1
1342,1
1343,1
1344,1
1345,0
1346,1
1347,1
1348,1
1349,0
1350,1
1351,0
1352,1
1353,0
1354,1
1355,0
1356,0
1357,1
1358,0
1359,0
1360,1
1361,1
1362,0
1363,0
1364,0
1365,1
1366,0
1367,0
1368,0
1369,1
1370,1
1371,0
1372,1
1373,1
1374,0
1375,1
1376,0
1377,1
1378,0
1379,1
1380,1
1381,0
1382,0
1383,1
1384,1
1385,1
1386,0
1387,1
1388,0
1389,1
1390,0
1391,1
1392,0
1393,0
1394,1
1395,1
1396,0
1397,0
1398,1
1399,0
1400,1
1401,1
1402,0
1403,0
1404,0
1405,0
1406,0
1407,1
1408,1
1409,1
1410,1
1411,0
1412,0
1413,1
1414,1
1415,0
1416,0
1417,0
1418,0
1419,0
1420,0
1421,1
1422,0
1423,0
1424,0
1425,0
1426,0
1427,1
1428,1
1429,0
1430,1
1431,1
1432,1
1433,1
1434,0
1435,1
1436,1
1437,0
1438,0
1439,1
1440,0
1441,0
1442,0
1443,0
1444,1
1445,0
1446,1
1447,0
1448,0
1449,0
1450,0
1451,1
1452,1
1453,1
1454,1
1455,0
1456,0
1457,0
1458,1
1459,1
1460,0
1461,0
1462,1
1463,0
1464,0
1465,1
1466,0
1467,0
1468,0
1469,0
1470,1
1471,1
1472,1
1473,0
1474,0
1475,1
1476,0
1477,1
1478,1
1479,0
1480,1
1481,1
1482,1
1483,1
1484,1
1485,0
1486,1
1487,0
1488,1
1489,1
1490,0
1491,1
1492,1
1493,0
1494,0
1495,1
1496,1
1497,1
1498,0
1499,0
1500,1
1501,0
1502,1
1503,1
1504,1
1505,0
1506,0
1507,0
1508,0
1509,0
1510,1
1511,1
1512,1
1513,1
1514,0
1515,0
1516,1
1517,0
1518,1
1519,1
1520,0
1521,0
1522,1
1523,0
1524,0
1525,1
1526,1
1527,1
1528,1
1529,1
1530,1
1531,1
1532,1
1533,1
1534,1
1535,0
1536,1
1537,0
1538,0
1539,1
1540,0
1541,0
1542,0
1543,1
1544,0
1545,0
1546,1
1547,1
1548,0
1549,0
1550,1
1551,0
1552,1
1553,1
1554,1
1555,1
1556,1
1557,0
1558,1
1559,1
1560,1
1561,1
1562,0
1563,0
1564,1
1565,0
1566,0
1567,1
1568,1
1569,0
1570,1
1571,1
1572,1
1573,1
1574,0
1575,0
1576,1
1577,1
1578,1
1579,0
1580,0
1581,0
1582,1
1583,0
1584,1
1585,0
1586,1
1587,0
1588,1
1589,0
1590,0
1591,1
1592,0
1593,0
1594,1
1595,0
1596,1
1597,1
1598,0
1599,0
1600,0
1601,0
1602,1
1603,0
1604,1
1605,0
1606,1
1607,0
1608,0
1609,1
1610,1
1611,0
1612,1
1613,0
1614,1
1615,0
1616,1
1617,0
1618,1
1619,0
1620,1
1621,1
1622,0
1623,1
1624,1
1625,0
1626,1
1627,1
1628,0
1629,0
1630,0
1631,1
1632,0
1633,0
1634,1
1635,1
1636,1
1637,1
1638,0
1639,1
1640,1
1641,1
1642,1
1643,1
1644,1
1645,1
1646,0
1647,0
1648,0
1649,0
1650,1
1651,0
1652,0
1653,1
1654,1
1655,1
1656,1
1657,0
1658,0
1659,1
1660,0
1661,1
1662,1
1663,1
1664,0
1665,1
1666,0
1667,1
1668,0
1669,1
1670,1
1671,1
1672,0
1673,0
1674,1
1675,1
1676,1
1677,1
1678,1
1679,0
1680,0
1681,0
1682,1
1683,1
1684,1
1685,1
1686,1
1687,1
1688,0
1689,0
1690,1
1691,0
1692,0
1693,1
1694,1
1695,0
1696,0
1697,1
1698,1
1699,0
1700,1
1701,0
1702,0
1703,1
1704,0
1705,0
1706,1
1707,0
1708,1
1709,1
1710,1
1711,1
1712,1
1713,1
1714,1
1715,0
1716,0
1717,1
1718,1
1719,1
1720,0
1721,1
1722,1
1723,0
1724,0
1725,1
1726,1
1727,1
1728,0
1729,0
1730,1
1731,1
1732,0
1733,1
1734,1
1735,1
1736,0
1737,1
1738,0
1739,1
1740,0
1741,0
1742,1
1743,0
1744,0
1745,1
1746,0
1747,0
1748,0
1749,1
1750,1
1751,1
1752,0
1753,0
1754,1
1755,1
1756,0
1757,0
1758,0
1759,1
1760,1
1761,1
1762,1
1763,1
1764,0
1765,1
1766,0
1767,0
1768,1
1769,1
1770,0
1771,0
1772,1
1773,1
1774,0
1775,0
1776,1
1777,1
1778,1
1779,1
1780,1
1781,0
1782,1
1783,1
1784,1
1785,1
1786,1
1787,0
1788,0
1789,0
1790,1
1791,1
1792,1
1793,1
1794,1
1795,1
1796,1
1797,1
1798,0
1799,1
1800,1
1801,1
1802,1
1803,1
1804,0
1805,0
1806,1
1807,1
1808,1
1809,1
1810,0
1811,0
1812,0
1813,0
1814,0
1815,1
1816,1
1817,1
1818,0
1819,1
1820,0
1821,0
1822,1
1823,1
1824,0
1825,1
1826,0
1827,0
1828,1
1829,0
1830,0
1831,1
1832,1
1833,1
1834,1
1835,0
1836,1
1837,0
1838,1
1839,0
1840,1
1841,0
1842,0
1843,0
1844,0
1845,0
1846,0
1847,0
1848,0
1849,0
1850,0
1851,0
1852,0
1853,0
1854,1
1855,0
1856,1
1857,1
1858,0
1859,0
1860,1
1861,1
1862,1
1863,0
1864,1
1865,1
1866,0
1867,0
1868,1
1869,0
1870,1
1871,0
1872,0
1873,1
1874,0
1875,0
1876,0
1877,1
1878,0
1879,1
1880,0
1881,0
1882,0
1883,0
1884,1
1885,1
1886,0
1887,0
1888,0
1889,0
1890,0
1891,1
1892,0
1893,0
1894,0
1895,0
1896,1
1897,0
1898,0
1899,1
1900,0
1901,1
1902,0
1903,0
1904,1
1905,0
1906,1
1907,0
1908,1
1909,0
1910,0
1911,1
1912,0
1913,0
1914,1
1915,1
1916,1
1917,1
1918,0
1919,1
1920,0
1921,0
1922,1
1923,1
1924,1
1925,1
1926,1
1927,1
1928,1
1929,1
1930,0
1931,1
1932,0
1933,1
1934,0
1935,0
1936,0
1937,0
1938,1
1939,0
1940,1
1941,1
1942,1
1943,0
1944,0
1945,0
1946,1
1947,0
1948,0
1949,0
1950,0
1951,1
1952,1
1953,0
1954,1
1955,0
1956,1
1957,1
1958,0
1959,0
1960,0
1961,0
1962,1
1963,0
1964,1
1965,1
1966,1
1967,0
1968,0
1969,1
1970,1
1971,1
1972,1
1973,1
1974,1
1975,0
1976,0
1977,1
1978,1
1979,0
1980,1
1981,0
1982,0
1983,0
1984,1
1985,0
1986,0
1987,0
1988,0
1989,0
1990,1
1991,1
1992,0
1993,1
1994,0
1995,0
1996,0
1997,0
1998,0
1999,1
2000,0
2001,0
2002,0
2003,0
2004,1
2005,1
2006,0
2007,1
2008,0
2009,0
2010,0
2011,0
2012,1
2013,0
2014,0
2015,1
2016,0
2017,0
2018,0
2019,0
2020,0
2021,0
2022,1
2023,1
2024,1
2025,0
2026,0
2027,0
2028,1
2029,1
2030,1
2031,1
2032,0
2033,0
2034,0
2035,0
2036,0
2037,0
2038,1
2039,0
2040,1
2041,0
2042,0
2043,0
2044,0
2045,0
2046,0
2047,1
2048,1
2049,0
2050,0
2051,0
2052,0
2053,0
2054,1
2055,0
2056,0
2057,0
2058,1
2059,0
2060,0
2061,1
2062,0
2063,0
2064,1
2065,0
2066,0
2067,0
2068,1
2069,0
2070,0
2071,0
2072,0
2073,0
2074,1
2075,1
2076,0
2077,1
2078,0
2079,1
2080,1
2081,0
2082,1
2083,0
2084,0
2085,1
2086,0
2087,1
2088,0
2089,1
2090,0
2091,0
2092,1
2093,0
2094,0
2095,1
2096,0
2097,0
2098,0
2099,1
2100,0
2101,0
2102,1
2103,0
2104,0
2105,1
2106,0
2107,1
2108,0
2109,1
2110,0
2111,1
2112,1
2113,1
2114,0
2115,1
2116,0
2117,1
2118,1
2119,0
2120,0
2121,1
2122,0
2123,0
2124,1
2125,1
2126,1
2127,1
2128,0
2129,1
2130,1
2131,0
2132,1
2133,0
2134,0
2135,0
2136,1
2137,1
2138,1
2139,1
2140,1
2141,1
2142,1
2143,1
2144,1
2145,1
2146,1
2147,0
2148,0
2149,1
2150,0
2151,0
2152,1
2153,0
2154,1
2155,1
2156,1
2157,1
2158,0
2159,1
2160,1
2161,0
2162,1
2163,0
2164,0
2165,0
2166,0
2167,1
2168,1
2169,0
2170,1
2171,0
2172,0
2173,0
2174,0
2175,1
2176,0
2177,0
2178,1
2179,1
2180,0
2181,1
2182,1
2183,0
2184,0
2185,0
2186,1
2187,0
2188,0
2189,0
2190,0
2191,0
2192,1
2193,0
2194,0
2195,1
2196,0
2197,0
2198,0
2199,1
2200,0
2201,0
2202,1
2203,1
2204,0
2205,1
2206,0
2207,1
2208,0
2209,1
2210,1
2211,1
2212,0
2213,1
2214,0
2215,0
2216,1
2217,1
2218,0
2219,1
2220,1
2221,0
2222,0
2223,0
2224,0
2225,0
2226,1
2227,0
2228,0
2229,0
2230,1
2231,1
2232,0
2233,0
2234,0
2235,0
2236,1
2237,1
2238,1
2239,1
2240,0
2241,0
2242,1
2243,0
2244,1
2245,0
2246,1
2247,0
2248,0
2249,1
2250,0
2251,1
2252,0
2253,0
2254,1
2255,1
2256,0
2257,1
2258,1
2259,1
2260,0
2261,1
2262,0
2263,1
2264,1
2265,1
2266,1
2267,0
2268,0
2269,1
2270,1
2271,0
2272,0
2273,0
2274,0
2275,0
2276,1
2277,0
2278,1
2279,1
2280,0
2281,0
2282,1
2283,0
2284,1
2285,1
2286,0
2287,0
2288,1
2289,1
2290,0
2291,0
2292,0
2293,0
2294,0
2295,0
2296,0
2297,0
2298,1
2299,1
2300,1
2301,0
2302,1
2303,0
2304,0
2305,0
2306,0
2307,1
2308,1
2309,0
2310,0
2311,1
2312,0
2313,0
2314,0
2315,1
2316,1
2317,1
2318,0
2319,0
2320,1
2321,0
2322,0
2323,1
2324,1
2325,0
2326,1
2327,1
2328,0
2329,1
2330,1
2331,0
2332,1
2333,0
2334,0
2335,1
2336,1
2337,1
2338,0
2339,1
2340,0
2341,0
2342,0
2343,1
2344,0
2345,1
2346,0
2347,0
2348,1
2349,1
2350,0
2351,0
2352,1
2353,0
2354,0
2355,1
2356,1
2357,1
2358,1
2359,1
2360,1
2361,0
2362,0
2363,1
2364,1
2365,0
2366,1
2367,1
2368,0
2369,1
2370,0
2371,0
2372,0
2373,1
2374,0
2375,0
2376,0
2377,0
2378,0
2379,1
2380,1
2381,1
2382,0
2383,1
2384,1
2385,0
2386,1
2387,0
2388,0
2389,0
2390,0
2391,0
2392,0
2393,1
2394,1
2395,1
2396,1
2397,1
2398,1
2399,0
2400,1
2401,0
2402,1
2403,0
2404,0
2405,1
2406,0
2407,0
2408,0
2409,0
2410,1
2411,0
2412,0
2413,0
2414,1
2415,0
2416,0
2417,1
2418,1
2419,1
2420,1
2421,0
2422,0
2423,0
2424,1
2425,1
2426,0
2427,1
2428,0
2429,0
2430,0
2431,1
2432,0
2433,0
2434,0
2435,1
2436,1
2437,0
2438,0
2439,1
2440,1
2441,1
2442,1
2443,1
2444,0
2445,0
2446,0
2447,0
2448,1
2449,0
2450,1
2451,1
2452,1
2453,0
2454,1
2455,1
2456,0
2457,0
2458,1
2459,1
2460,0
2461,1
2462,0
2463,0
2464,1
2465,1
2466,0
2467,1
2468,1
2469,0
2470,0
2471,0
2472,1
2473,1
2474,0
2475,0
2476,1
2477,1
2478,0
2479,1
2480,0
2481,1
2482,0
2483,1
2484,0
2485,1
2486,0
2487,1
2488,1
2489,0
2490,1
2491,0
2492,0
2493,1
2494,0
2495,1
2496,0
2497,1
2498,1
2499,0
2500,0
2501,1
2502,1
2503,1
2504,0
2505,0
2506,1
2507,1
2508,1
2509,1
2510,1
2511,0
2512,1
2513,1
2514,0
2515,1
2516,1
2517,1
2518,0
2519,1
2520,0
2521,0
2522,0
2523,1
2524,0
2525,1
2526,0
2527,1
2528,1
2529,1
2530,1
2531,1
2532,1
2533,0
2534,1
2535,0
2536,1
2537,0
2538,0
2539,1
2540,0
2541,0
2542,1
2543,0
2544,1
2545,1
2546,0
2547,1
2548,1
2549,1
2550,0
2551,1
2552,0
2553,1
2554,1
2555,1
2556,0
2557,1
2558,1
2559,1
2560,0
2561,0
2562,1
2563,1
2564,0
2565,1
2566,0
2567,1
2568,0
2569,0
2570,1
2571,0
2572,0
2573,1
2574,1
2575,0
2576,1
2577,1
2578,1
2579,0
2580,1
2581,1
2582,0
2583,1
2584,1
2585,1
2586,1
2587,0
2588,1
2589,1
2590,0
2591,1
2592,1
2593,1
2594,0
2595,1
2596,0
2597,0
2598,0
2599,0
2600,1
2601,0
2602,1
2603,1
2604,1
2605,0
2606,1
2607,0
2608,0
2609,0
2610,0
2611,0
2612,0
2613,0
2614,0
2615,1
2616,0
2617,0
2618,1
2619,0
2620,0
2621,0
2622,1
2623,0
2624,0
2625,0
2626,0
2627,1
2628,1
2629,0
2630,1
2631,0
2632,0
2633,1
2634,0
2635,1
2636,0
2637,0
2638,0
2639,1
2640,0
2641,1
2642,1
2643,0
2644,0
2645,1
2646,1
2647,0
2648,0
2649,0
2650,0
2651,0
2652,1
2653,1
2654,1
2655,0
2656,0
2657,1
2658,0
2659,0
2660,1
2661,1
2662,1
2663,0
2664,0
2665,1
2666,0
2667,1
2668,1
2669,1
2670,0
2671,0
2672,1
2673,0
2674,0
2675,1
2676,1
2677,1
2678,0
2679,0
2680,0
2681,0
2682,0
2683,1
2684,0
2685,0
2686,1
2687,1
2688,0
2689,1
2690,0
2691,0
2692,1
2693,0
2694,0
2695,0
2696,1
2697,1
2698,0
2699,1
2700,0
2701,0
2702,0
2703,1
2704,1
2705,1
2706,1
2707,1
2708,1
2709,1
2710,1
2711,0
2712,1
2713,0
2714,1
2715,1
2716,0
2717,1
2718,1
2719,0
2720,0
2721,0
2722,1
2723,1
2724,1
2725,0
2726,1
2727,1
2728,0
2729,0
2730,0
2731,0
2732,1
2733,0
2734,0
2735,0
2736,0
2737,1
2738,1
2739,1
2740,0
2741,1
2742,1
2743,0
2744,0
2745,1
2746,0
2747,1
2748,0
2749,1
2750,0
2751,1
2752,1
2753,0
2754,0
2755,0
2756,1
2757,1
2758,0
2759,1
2760,0
2761,1
2762,0
2763,0
2764,0
2765,0
2766,1
2767,0
2768,0
2769,1
2770,1
2771,1
2772,0
2773,1
2774,0
2775,0
2776,1
2777,0
2778,1
2779,0
2780,0
2781,0
2782,1
2783,0
2784,0
2785,0
2786,0
2787,0
2788,1
2789,1
2790,0
2791,0
2792,0
2793,0
2794,0
2795,0
2796,1
2797,0
2798,0
2799,1
2800,0
2801,0
2802,1
2803,0
2804,1
2805,1
2806,0
2807,0
2808,0
2809,1
2810,1
2811,0
2812,0
2813,0
2814,0
2815,0
2816,1
2817,1
2818,1
2819,1
2820,1
2821,1
2822,0
2823,0
2824,0
2825,1
2826,1
2827,0
2828,1
2829,0
2830,0
2831,1
2832,0
2833,1
2834,1
2835,1
2836,1
2837,1
2838,0
2839,0
2840,1
2841,0
2842,1
2843,1
2844,1
2845,1
2846,1
2847,0
2848,0
2849,1
2850,0
2851,0
2852,0
2853,1
2854,0
2855,0
2856,1
2857,0
2858,1
2859,0
2860,1
2861,1
2862,1
2863,0
2864,1
2865,1
2866,1
2867,1
2868,1
2869,0
2870,1
2871,0
2872,1
2873,0
2874,1
2875,1
2876,0
2877,1
2878,1
2879,0
2880,0
2881,0
2882,0
2883,1
2884,1
2885,1
2886,0
2887,0
2888,0
2889,1
2890,1
2891,0
2892,1
2893,1
2894,0
2895,0
2896,1
2897,1
2898,1
2899,1
2900,0
2901,1
2902,0
2903,1
2904,0
2905,1
2906,0
2907,0
2908,1
2909,0
2910,0
2911,0
2912,0
2913,0
2914,1
2915,0
2916,1
2917,0
2918,0
2919,1
2920,0
2921,1
2922,1
2923,0
2924,1
2925,0
2926,1
2927,0
2928,1
2929,0
2930,0
2931,1
2932,0
2933,0
2934,1
2935,1
2936,1
2937,1
2938,1
2939,1
2940,1
2941,0
2942,0
2943,0
2944,1
2945,1
2946,1
2947,0
2948,0
2949,1
2950,0
2951,0
2952,0
2953,0
2954,0
2955,0
2956,0
2957,0
2958,1
2959,1
2960,0
2961,0
2962,1
2963,0
2964,1
2965,1
2966,0
2967,1
2968,1
2969,1
2970,1
2971,0
2972,1
2973,1
2974,0
2975,0
2976,1
2977,1
2978,0
2979,1
2980,0
2981,1
2982,1
2983,1
2984,1
2985,1
2986,0
2987,0
2988,0
2989,1
2990,0
2991,1
2992,1
2993,0
2994,0
2995,1
2996,1
2997,0
2998,0
2999,0
3000,0
3001,0
3002,1
3003,1
3004,1
3005,0
3006,1
3007,1
3008,0
3009,1
3010,1
3011,0
3012,1
3013,1
3014,1
3015,1
3016,1
3017,0
3018,0
3019,0
3020,1
3021,1
3022,1
3023,1
3024,1
3025,1
3026,1
3027,1
3028,0
3029,1
3030,1
3031,0
3032,1
3033,1
3034,1
3035,1
3036,0
3037,1
3038,1
3039,1
3040,1
3041,1
3042,1
3043,0
3044,0
3045,0
3046,1
3047,1
3048,0
3049,1
3050,0
3051,1
3052,1
3053,1
3054,1
3055,1
3056,0
3057,0
3058,1
3059,1
3060,0
3061,1
3062,0
3063,0
3064,0
3065,1
3066,0
3067,1
3068,0
3069,0
3070,1
3071,0
3072,1
3073,1
3074,1
3075,1
3076,0
3077,0
3078,1
3079,1
3080,1
3081,1
3082,1
3083,1
3084,0
3085,1
3086,0
3087,0
3088,0
3089,1
3090,0
3091,1
3092,0
3093,1
3094,0
3095,0
3096,1
3097,1
3098,1
3099,0
3100,1
3101,0
3102,1
3103,0
3104,0
3105,1
3106,0
3107,0
3108,1
3109,0
3110,0
3111,0
3112,1
3113,0
3114,0
3115,0
3116,0
3117,1
3118,1
3119,1
3120,1
3121,0
3122,0
3123,1
3124,1
3125,0
3126,0
3127,1
3128,0
3129,0
3130,1
3131,0
3132,1
3133,1
3134,0
3135,0
3136,0
3137,1
3138,0
3139,1
3140,1
3141,0
3142,1
3143,1
3144,0
3145,1
3146,0
3147,1
3148,1
3149,1
3150,1
3151,1
3152,0
3153,1
3154,0
3155,0
3156,0
3157,1
3158,1
3159,1
3160,1
3161,0
3162,1
3163,1
3164,0
3165,1
3166,0
3167,0
3168,1
3169,1
3170,0
3171,1
3172,0
3173,1
3174,1
3175,0
3176,0
3177,0
3178,0
3179,1
3180,0
3181,0
3182,0
3183,1
3184,0
3185,0
3186,0
3187,0
3188,0
3189,0
3190,1
3191,1
3192,1
3193,1
3194,1
3195,0
3196,0
3197,1
3198,0
3199,0
3200,1
3201,1
3202,0
3203,0
3204,1
3205,1
3206,0
3207,1
3208,1
3209,1
3210,1
3211,1
3212,0
3213,0
3214,0
3215,0
3216,1
3217,0
3218,1
3219,1
3220,0
3221,0
3222,1
3223,1
3224,1
3225,0
3226,0
3227,0
3228,1
3229,1
3230,1
3231,0
3232,1
3233,0
3234,0
3235,0
3236,1
3237,1
3238,0
3239,1
3240,1
3241,0
3242,0
3243,1
3244,0
3245,0
3246,1
3247,0
3248,0
3249,0
3250,0
3251,1
3252,1
3253,1
3254,0
3255,0
3256,0
3257,1
3258,1
3259,0
3260,0
3261,0
3262,1
3263,0
3264,0
3265,1
3266,1
3267,1
3268,1
3269,0
3270,0
3271,0
3272,0
3273,0
3274,1
3275,0
3276,1
3277,1
3278,1
3279,0
3280,1
3281,0
3282,0
3283,1
3284,1
3285,1
3286,1
3287,0
3288,1
3289,0
3290,0
3291,0
3292,1
3293,0
3294,1
3295,1
3296,1
3297,0
3298,0
3299,1
3300,1
3301,0
3302,1
3303,0
3304,0
3305,0
3306,1
3307,0
3308,1
3309,1
3310,1
3311,0
3312,1
3313,0
3314,0
3315,1
3316,1
3317,0
3318,0
3319,0
3320,1
3321,1
3322,1
3323,0
3324,0
3325,1
3326,1
3327,0
3328,0
3329,0
3330,0
3331,1
3332,1
3333,1
3334,1
3335,0
3336,1
3337,1
3338,1
3339,1
3340,0
3341,1
3342,0
3343,0
3344,0
3345,0
3346,1
3347,0
3348,1
3349,1
3350,1
3351,0
3352,1
3353,0
3354,0
3355,1
3356,1
3357,0
3358,1
3359,1
3360,1
3361,1
3362,0
3363,1
3364,1
3365,0
3366,0
3367,1
3368,1
3369,0
3370,1
3371,1
3372,1
3373,0
3374,1
3375,0
3376,1
3377,0
3378,0
3379,0
3380,1
3381,1
3382,0
3383,1
3384,0
3385,1
3386,0
3387,0
3388,0
3389,1
3390,0
3391,0
3392,1
3393,0
3394,1
3395,0
3396,1
3397,0
3398,0
3399,1
3400,1
3401,0
3402,1
3403,1
3404,0
3405,0
3406,0
3407,0
3408,1
3409,1
3410,1
3411,0
3412,0
3413,0
3414,0
3415,0
3416,1
3417,0
3418,0
3419,1
3420,0
3421,1
3422,1
3423,0
3424,1
3425,0
3426,0
3427,0
3428,0
3429,1
3430,1
3431,1
3432,1
3433,0
3434,1
3435,0
3436,0
3437,0
3438,1
3439,0
3440,0
3441,0
3442,0
3443,1
3444,1
3445,0
3446,1
3447,1
3448,1
3449,0
3450,1
3451,1
3452,0
3453,0
3454,0
3455,0
3456,0
3457,1
3458,1
3459,1
3460,1
3461,1
3462,1
3463,1
3464,1
3465,0
3466,1
3467,0
3468,0
3469,0
3470,0
3471,0
3472,1
3473,1
3474,1
3475,0
3476,1
3477,0
3478,1
3479,0
3480,1
3481,0
3482,1
3483,0
3484,1
3485,1
3486,1
3487,1
3488,0
3489,1
3490,1
3491,1
3492,1
3493,1
3494,0
3495,0
3496,0
3497,0
3498,0
3499,0
3500,1
3501,0
3502,0
3503,1
3504,1
3505,1
3506,1
3507,1
3508,1
3509,0
3510,0
3511,1
3512,0
3513,0
3514,1
3515,0
3516,1
3517,0
3518,0
3519,0
3520,1
3521,0
3522,0
3523,1
3524,0
3525,0
3526,1
3527,1
3528,0
3529,1
3530,1
3531,0
3532,1
3533,1
3534,0
3535,0
3536,1
3537,1
3538,0
3539,1
3540,0
3541,1
3542,1
3543,1
3544,1
3545,0
3546,1
3547,1
3548,1
3549,0
3550,0
3551,0
3552,0
3553,0
3554,1
3555,1
3556,1
3557,1
3558,1
3559,1
3560,1
3561,0
3562,0
3563,0
3564,1
3565,0
3566,1
3567,0
3568,1
3569,1
3570,0
3571,0
3572,1
3573,1
3574,1
3575,1
3576,0
3577,0
3578,1
3579,0
3580,0
3581,0
3582,1
3583,1
3584,1
3585,1
3586,0
3587,1
3588,1
3589,1
3590,1
3591,1
3592,1
3593,0
3594,1
3595,1
3596,1
3597,1
3598,0
3599,0
3600,1
3601,1
3602,0
3603,1
3604,0
3605,0
3606,1
3607,1
3608,0
3609,0
3610,0
3611,1
3612,1
3613,0
3614,1
3615,0
3616,0
3617,1
3618,0
3619,0
3620,0
3621,1
3622,0
3623,0
3624,1
3625,0
3626,0
3627,0
3628,0
3629,1
3630,0
3631,1
3632,1
3633,1
3634,0
3635,0
3636,0
3637,0
3638,1
3639,0
3640,0
3641,1
3642,1
3643,1
3644,0
3645,0
3646,0
3647,0
3648,1
3649,0
3650,0
3651,1
3652,0
3653,0
3654,1
3655,0
3656,1
3657,1
3658,0
3659,0
3660,0
3661,1
3662,0
3663,0
3664,1
3665,0
3666,0
3667,0
3668,1
3669,1
3670,1
3671,1
3672,0
3673,0
3674,0
3675,1
3676,1
3677,0
3678,1
3679,1
3680,0
3681,0
3682,0
3683,1
3684,1
3685,0
3686,0
3687,0
3688,1
3689,1
3690,1
3691,1
3692,1
3693,0
3694,0
3695,0
3696,0
3697,0
3698,1
3699,1
3700,0
3701,0
3702,0
3703,1
3704,0
3705,1
3706,1
3707,1
3708,1
3709,0
3710,1
3711,1
3712,0
3713,0
3714,0
3715,1
3716,1
3717,1
3718,0
3719,0
3720,1
3721,1
3722,0
3723,0
3724,0
3725,1
3726,1
3727,1
3728,1
3729,0
3730,0
3731,0
3732,1
3733,0
3734,1
3735,1
3736,0
3737,0
3738,0
3739,0
3740,0
3741,1
3742,1
3743,1
3744,0
3745,0
3746,1
3747,0
3748,1
3749,1
3750,1
3751,0
3752,0
3753,0
3754,0
3755,1
3756,1
3757,0
3758,1
3759,0
3760,1
3761,1
3762,0
3763,1
3764,1
3765,1
3766,1
3767,0
3768,1
3769,1
3770,0
3771,0
3772,1
3773,0
3774,1
3775,0
3776,1
3777,1
3778,1
3779,0
3780,0
3781,0
3782,1
3783,1
3784,1
3785,1
3786,0
3787,0
3788,1
3789,1
3790,1
3791,0
3792,1
3793,0
3794,0
3795,0
3796,1
3797,0
3798,0
3799,0
3800,0
3801,0
3802,0
3803,0
3804,1
3805,1
3806,1
3807,1
3808,1
3809,0
3810,0
3811,0
3812,1
3813,0
3814,1
3815,1
3816,1
3817,0
3818,0
3819,1
3820,1
3821,1
3822,0
3823,1
3824,1
3825,0
3826,1
3827,0
3828,0
3829,1
3830,1
3831,0
3832,0
3833,1
3834,0
3835,0
3836,1
3837,1
3838,1
3839,1
3840,1
3841,0
3842,1
3843,1
3844,1
3845,1
3846,0
3847,0
3848,1
3849,1
3850,0
3851,0
3852,1
3853,0
3854,1
3855,0
3856,0
3857,1
3858,0
3859,0
3860,0
3861,0
3862,0
3863,1
3864,0
3865,1
3866,1
3867,0
3868,0
3869,1
3870,1
3871,0
3872,1
3873,1
3874,1
3875,1
3876,1
3877,1
3878,0
3879,0
3880,1
3881,0
3882,0
3883,1
3884,1
3885,0
3886,1
3887,0
3888,1
3889,1
3890,0
3891,1
3892,0
3893,1
3894,0
3895,1
3896,0
3897,1
3898,0
3899,1
3900,1
3901,1
3902,1
3903,1
3904,1
3905,0
3906,1
3907,1
3908,1
3909,0
3910,0
3911,0
3912,1
3913,1
3914,1
3915,0
3916,0
3917,0
3918,1
3919,0
3920,0
3921,0
3922,1
3923,1
3924,0
3925,0
3926,1
3927,1
3928,1
3929,0
3930,0
3931,1
3932,1
3933,0
3934,1
3935,1
3936,1
3937,1
3938,0
3939,0
3940,0
3941,1
3942,1
3943,0
3944,1
3945,0
3946,0
3947,1
3948,1
3949,0
3950,1
3951,0
3952,1
3953,0
3954,0
3955,1
3956,0
3957,0
3958,0
3959,1
3960,1
3961,1
3962,0
3963,0
3964,0
3965,1
3966,0
3967,1
3968,1
3969,1
3970,0
3971,0
3972,1
3973,1
3974,1
3975,0
3976,1
3977,0
3978,1
3979,1
3980,1
3981,0
3982,0
3983,1
3984,0
3985,1
3986,1
3987,1
3988,1
3989,0
3990,0
3991,1
3992,1
3993,0
3994,1
3995,1
3996,1
3997,1
3998,0
3999,0
4000,1
4001,0
4002,0
4003,0
4004,0
4005,1
4006,1
4007,1
4008,1
4009,0
4010,0
4011,1
4012,0
4013,0
4014,1
4015,0
4016,1
4017,1
4018,1
4019,0
4020,1
4021,0
4022,0
4023,0
4024,1
4025,1
4026,0
4027,1
4028,1
4029,1
4030,1
4031,1
4032,0
4033,1
4034,0
4035,1
4036,1
4037,0
4038,1
4039,0
4040,1
4041,1
4042,1
4043,0
4044,1
4045,1
4046,1
4047,0
4048,0
4049,1
4050,0
4051,1
4052,0
4053,0
4054,0
4055,1
4056,0
4057,0
4058,0
4059,1
4060,1
4061,0
4062,0
4063,0
4064,1
4065,1
4066,0
4067,0
4068,0
4069,0
4070,1
4071,1
4072,1
4073,0
4074,1
4075,1
4076,0
4077,1
4078,1
4079,0
4080,1
4081,1
4082,1
4083,0
4084,1
4085,1
4086,1
4087,1
4088,0
4089,0
4090,1
4091,1
4092,0
4093,0
4094,0
4095,0
4096,0
4097,1
4098,1
4099,1
4100,0
4101,0
4102,0
4103,0
4104,0
4105,0
4106,1
4107,0
4108,0
4109,0
4110,1
4111,0
4112,1
4113,1
4114,0
4115,0
4116,1
4117,0
4118,0
4119,1
4120,0
4121,1
4122,0
4123,1
4124,1
4125,0
4126,0
4127,0
4128,1
4129,1
4130,1
4131,1
4132,0
4133,1
4134,1
4135,0
4136,0
4137,1
4138,0
4139,1
4140,0
4141,1
4142,0
4143,0
4144,1
4145,0
4146,1
4147,1
4148,1
4149,0
4150,1
4151,0
4152,0
4153,1
4154,0
4155,1
4156,0
4157,1
4158,1
4159,1
4160,1
4161,1
4162,1
4163,1
4164,0
4165,1
4166,1
4167,1
4168,0
4169,1
4170,0
4171,0
4172,0
4173,1
4174,1
4175,1
4176,1
4177,0
4178,1
4179,0
4180,1
4181,1
4182,0
4183,0
4184,1
4185,0
4186,0
4187,1
4188,0
4189,0
4190,0
4191,0
4192,1
4193,0
4194,0
4195,0
4196,1
4197,0
4198,0
4199,0
4200,0
4201,0
4202,1
4203,0
4204,1
4205,1
4206,1
4207,1
4208,0
4209,1
4210,0
4211,0
4212,0
4213,1
4214,1
4215,1
4216,0
4217,0
4218,1
4219,1
4220,0
4221,0
4222,1
4223,1
4224,0
4225,1
4226,0
4227,0
4228,0
4229,0
4230,1
4231,0
4232,1
4233,0
4234,0
4235,1
4236,0
4237,0
4238,0
4239,0
4240,1
4241,0
4242,1
4243,1
4244,0
4245,1
4246,1
4247,1
4248,1
4249,0
4250,0
4251,1
4252,1
4253,0
4254,0
4255,0
4256,0
4257,1
4258,0
4259,0
4260,0
4261,1
4262,1
4263,0
4264,1
4265,0
4266,1
4267,1
4268,0
4269,1
4270,0
4271,0
4272,0
4273,0
4274,1
4275,0
4276,1
4277,0
4278,1
4279,1
4280,1
4281,1
4282,0
4283,0
4284,0
4285,0
4286,0
4287,0
4288,0
4289,0
4290,0
4291,0
4292,1
4293,0
4294,1
4295,0
4296,0
4297,1
4298,0
4299,1
4300,0
4301,1
4302,0
4303,1
4304,0
4305,0
4306,0
4307,0
4308,0
4309,0
4310,1
4311,1
4312,0
4313,0
4314,0
4315,1
4316,0
4317,1
4318,1
4319,0
4320,1
4321,0
4322,0
4323,1
4324,1
4325,1
4326,1
4327,0
4328,1
4329,0
4330,1
4331,0
4332,0
4333,0
4334,1
4335,0
4336,0
4337,0
4338,1
4339,1
4340,0
4341,1
4342,1
4343,0
4344,1
4345,0
4346,1
4347,1
4348,1
4349,1
4350,0
4351,0
4352,1
4353,0
4354,1
4355,0
4356,0
4357,1
4358,1
4359,0
4360,1
4361,0
4362,0
4363,0
4364,1
4365,0
4366,1
4367,1
4368,0
4369,1
4370,1
4371,1
4372,0
4373,1
4374,0
4375,1
4376,0
4377,0
4378,1
4379,1
4380,1
4381,1
4382,1
4383,0
4384,1
4385,0
4386,0
4387,1
4388,1
4389,0
4390,0
4391,1
4392,1
4393,0
4394,0
4395,0
4396,1
4397,1
4398,0
4399,1
4400,1
4401,0
4402,0
4403,0
4404,0
4405,1
4406,1
4407,0
4408,0
4409,0
4410,0
4411,1
4412,0
4413,1
4414,1
4415,0
4416,1
4417,1
4418,1
4419,0
4420,1
4421,1
4422,1
4423,1
4424,1
4425,0
4426,1
4427,0
4428,1
4429,1
4430,1
4431,1
4432,1
4433,0
4434,0
4435,1
4436,1
4437,1
4438,1
4439,0
4440,1
4441,1
4442,1
4443,0
4444,1
4445,0
4446,0
4447,1
4448,1
4449,0
4450,1
4451,1
4452,0
4453,0
4454,0
4455,0
4456,0
4457,1
4458,1
4459,1
4460,0
4461,1
4462,0
4463,0
4464,1
4465,0
4466,0
4467,0
4468,1
4469,0
4470,0
4471,1
4472,1
4473,1
4474,1
4475,1
4476,0
4477,1
4478,0
4479,0
4480,1
4481,1
4482,1
4483,0
4484,0
4485,0
4486,1
4487,1
4488,1
4489,0
4490,1
4491,0
4492,0
4493,1
4494,1
4495,1
4496,1
4497,1
4498,1
4499,0
4500,1
4501,1
4502,1
4503,1
4504,1
4505,0
4506,0
4507,0
4508,0
4509,0
4510,0
4511,1
4512,0
4513,0
4514,1
4515,1
4516,0
4517,1
4518,1
4519,0
4520,1
4521,0
4522,1
4523,1
4524,1
4525,0
4526,0
4527,0
4528,0
4529,1
4530,0
4531,1
4532,1
4533,0
4534,1
4535,1
4536,1
4537,1
4538,1
4539,1
4540,1
4541,1
4542,0
4543,1
4544,0
4545,0
4546,1
4547,0
4548,0
4549,0
4550,1
4551,1
4552,1
4553,0
4554,0
4555,0
4556,1
4557,1
4558,0
4559,0
4560,0
4561,1
4562,1
4563,0
4564,0
4565,0
4566,0
4567,0
4568,1
4569,0
4570,1
4571,1
4572,0
4573,0
4574,0
4575,0
4576,0
4577,0
4578,0
4579,1
4580,0
4581,1
4582,0
4583,0
4584,0
4585,0
4586,0
4587,1
4588,0
4589,1
4590,0
4591,0
4592,0
4593,0
4594,1
4595,1
4596,1
4597,1
4598,0
4599,0
4600,0
4601,0
4602,0
4603,1
4604,1
4605,0
4606,1
4607,1
4608,1
4609,1
4610,0
4611,1
4612,1
4613,1
4614,1
4615,0
4616,1
4617,0
4618,1
4619,1
4620,1
4621,1
4622,0
4623,0
4624,0
4625,1
4626,0
4627,1
4628,0
4629,1
4630,1
4631,1
4632,1
4633,1
4634,1
4635,0
4636,1
4637,0
4638,1
4639,0
4640,1
4641,1
4642,1
4643,0
4644,1
4645,1
4646,1
4647,0
4648,1
4649,0
4650,0
4651,0
4652,0
4653,0
4654,1
4655,0
4656,0
4657,1
4658,0
4659,0
4660,1
4661,0
4662,1
4663,1
4664,0
4665,0
4666,0
4667,1
4668,0
4669,0
4670,1
4671,0
4672,0
4673,0
4674,0
4675,0
4676,1
4677,0
4678,0
4679,1
4680,1
4681,1
4682,1
4683,0
4684,0
4685,1
4686,1
4687,0
4688,0
4689,1
4690,0
4691,1
4692,0
4693,0
4694,1
4695,1
4696,0
4697,1
4698,1
4699,1
4700,0
4701,1
4702,0
4703,1
4704,0
4705,0
4706,0
4707,1
4708,1
4709,0
4710,0
4711,1
4712,1
4713,0
4714,0
4715,0
4716,0
4717,1
4718,0
4719,0
4720,1
4721,0
4722,1
4723,0
4724,1
4725,1
4726,0
4727,1
4728,1
4729,1
4730,1
4731,0
4732,0
4733,0
4734,1
4735,0
4736,0
4737,0
4738,1
4739,0
4740,1
4741,0
4742,1
4743,0
4744,1
4745,0
4746,1
4747,1
4748,0
4749,1
4750,1
4751,0
4752,0
4753,0
4754,1
4755,0
4756,1
4757,0
4758,1
4759,0
4760,0
4761,1
4762,1
4763,1
4764,0
4765,0
4766,1
4767,0
4768,0
4769,1
4770,1
4771,1
4772,0
4773,0
4774,0
4775,1
4776,1
4777,1
4778,1
4779,1
4780,1
4781,0
4782,1
4783,0
4784,1
4785,0
4786,0
4787,0
4788,1
4789,1
4790,0
4791,0
4792,0
4793,1
4794,0
4795,1
4796,0
4797,0
4798,0
4799,1
4800,1
4801,0
4802,0
4803,1
4804,0
4805,0
4806,1
4807,1
4808,1
4809,0
4810,1
4811,0
4812,1
4813,0
4814,0
4815,0
4816,1
4817,0
4818,1
4819,1
4820,0
4821,0
4822,1
4823,0
4824,0
4825,0
4826,1
4827,1
4828,0
4829,0
4830,0
4831,0
4832,0
4833,0
4834,1
4835,1
4836,1
4837,0
4838,1
4839,1
4840,0
4841,1
4842,0
4843,1
4844,0
4845,0
4846,1
4847,1
4848,0
4849,0
4850,1
4851,1
4852,1
4853,0
4854,0
4855,0
4856,0
4857,0
4858,0
4859,0
4860,1
4861,1
4862,0
4863,1
4864,0
4865,1
4866,1
4867,0
4868,0
4869,0
4870,0
4871,1
4872,1
4873,1
4874,0
4875,1
4876,1
4877,1
4878,1
4879,0
4880,0
4881,0
4882,1
4883,0
4884,1
4885,1
4886,0
4887,0
4888,1
4889,1
4890,0
4891,0
4892,0
4893,0
4894,1
4895,0
4896,0
4897,1
4898,1
4899,0
4900,0
4901,1
4902,0
4903,1
4904,1
4905,1
4906,1
4907,1
4908,1
4909,0
4910,0
4911,1
4912,0
4913,0
4914,1
4915,1
4916,0
4917,1
4918,0
4919,0
4920,0
4921,0
4922,1
4923,1
4924,1
4925,0
4926,1
4927,1
4928,0
4929,0
4930,0
4931,0
4932,0
4933,1
4934,1
4935,0
4936,0
4937,1
4938,0
4939,1
4940,0
4941,0
4942,1
4943,1
4944,1
4945,0
4946,1
4947,0
4948,0
4949,1
4950,0
4951,1
4952,0
4953,1
4954,1
4955,1
4956,1
4957,0
4958,0
4959,1
4960,0
4961,0
4962,0
4963,1
4964,1
4965,0
4966,0
4967,0
4968,1
4969,0
4970,0
4971,0
4972,1
4973,1
4974,0
4975,1
4976,0
4977,0
4978,1
4979,0
4980,0
4981,1
4982,0
4983,0
4984,1
4985,1
4986,1
4987,0
4988,0
4989,1
4990,0
4991,0
4992,0
4993,0
4994,0
4995,0
4996,1
4997,1
4998,0
4999,0
5000,1
5001,0
5002,1
5003,1
5004,1
5005,0
5006,0
5007,1
5008,0
5009,0
5010,1
5011,0
5012,0
5013,0
5014,0
5015,0
5016,1
5017,1
5018,1
5019,1
5020,0
5021,0
5022,1
5023,1
5024,0
5025,1
5026,0
5027,1
5028,0
5029,1
5030,1
5031,1
5032,1
5033,1
5034,1
5035,1
5036,1
5037,1
5038,1
5039,1
5040,1
5041,0
5042,0
5043,0
5044,1
5045,0
5046,0
5047,1
5048,1
5049,0
5050,0
5051,1
5052,1
5053,1
5054,0
5055,1
5056,0
5057,1
5058,1
5059,1
5060,1
5061,0
5062,0
5063,0
5064,1
5065,0
5066,1
5067,1
5068,0
5069,1
5070,1
5071,1
5072,1
5073,1
5074,1
5075,1
5076,0
5077,0
5078,0
5079,0
5080,0
5081,1
5082,0
5083,1
5084,0
5085,0
5086,0
5087,0
5088,1
5089,0
5090,1
5091,1
5092,0
5093,1
5094,1
5095,0
5096,1
5097,1
5098,0
5099,0
5100,1
5101,0
5102,0
5103,0
5104,0
5105,1
5106,0
5107,1
5108,1
5109,0
5110,1
5111,1
5112,1
5113,1
5114,0
5115,0
5116,1
5117,1
5118,1
5119,1
5120,1
5121,1
5122,1
5123,0
5124,0
5125,0
5126,0
5127,1
5128,0
5129,0
5130,1
5131,1
5132,0
5133,1
5134,1
5135,1
5136,1
5137,1
5138,1
5139,1
5140,1
5141,1
5142,1
5143,0
5144,1
5145,1
5146,1
5147,1
5148,0
5149,1
5150,1
5151,0
5152,0
5153,0
5154,0
5155,0
5156,0
5157,1
5158,1
5159,1
5160,0
5161,1
5162,0
5163,0
5164,0
5165,1
5166,0
5167,0
5168,1
5169,0
5170,0
5171,1
5172,0
5173,0
5174,1
5175,0
5176,0
5177,0
5178,0
5179,0
5180,0
5181,1
5182,1
5183,1
5184,1
5185,1
5186,1
5187,1
5188,1
5189,1
5190,0
5191,0
5192,1
5193,0
5194,0
5195,0
5196,1
5197,0
5198,1
5199,1
5200,0
5201,1
5202,1
5203,0
5204,1
5205,0
5206,0
5207,0
5208,0
5209,1
5210,1
5211,0
5212,1
5213,0
5214,0
5215,1
5216,1
5217,1
5218,1
5219,1
5220,1
5221,0
5222,0
5223,0
5224,0
5225,1
5226,0
5227,0
5228,1
5229,1
5230,1
5231,1
5232,1
5233,0
5234,1
5235,0
5236,0
5237,0
5238,0
5239,1
5240,0
5241,0
5242,0
5243,1
5244,0
5245,0
5246,0
5247,1
5248,0
5249,0
5250,1
5251,0
5252,0
5253,0
5254,0
5255,1
5256,0
5257,1
5258,0
5259,0
5260,0
5261,1
5262,1
5263,1
5264,0
5265,0
5266,1
5267,1
5268,0
5269,0
5270,1
5271,0
5272,0
5273,0
5274,0
5275,1
5276,0
5277,1
5278,0
5279,1
5280,0
5281,0
5282,1
5283,1
5284,0
5285,0
5286,0
5287,1
5288,1
5289,1
5290,0
5291,0
5292,0
5293,0
5294,0
5295,1
5296,0
5297,1
5298,1
5299,1
5300,1
5301,1
5302,0
5303,0
5304,0
5305,0
5306,1
5307,1
5308,0
5309,1
5310,1
5311,1
5312,1
5313,1
5314,1
5315,0
5316,0
5317,0
5318,1
5319,0
5320,0
5321,1
5322,0
5323,0
5324,1
5325,1
5326,1
5327,1
5328,1
5329,1
5330,0
5331,1
5332,0
5333,0
5334,0
5335,1
5336,1
5337,0
5338,1
5339,0
5340,1
5341,0
5342,1
5343,1
5344,0
5345,0
5346,1
5347,1
5348,1
5349,0
5350,1
5351,0
5352,0
5353,1
5354,0
5355,1
5356,1
5357,1
5358,0
5359,1
5360,0
5361,1
5362,0
5363,0
5364,0
5365,0
5366,1
5367,1
5368,0
5369,0
5370,0
5371,0
5372,0
5373,1
5374,1
5375,0
5376,0
5377,0
5378,0
5379,1
5380,0
5381,0
5382,1
5383,0
5384,0
5385,0
5386,1
5387,1
5388,0
5389,1
5390,1
5391,1
5392,0
5393,0
5394,0
5395,1
5396,0
5397,0
5398,0
5399,1
5400,0
5401,0
5402,1
5403,1
5404,1
5405,1
5406,1
5407,1
5408,0
5409,1
5410,1
5411,1
5412,0
5413,1
5414,0
5415,1
5416,1
5417,0
5418,0
5419,1
5420,1
5421,0
5422,0
5423,1
5424,0
5425,1
5426,0
5427,1
5428,0
5429,0
5430,1
5431,0
5432,1
5433,1
5434,1
5435,0
5436,0
5437,0
5438,0
5439,1
5440,1
5441,1
5442,1
5443,1
5444,0
5445,1
5446,1
5447,0
5448,1
5449,1
5450,1
5451,1
5452,0
5453,1
5454,1
5455,1
5456,1
5457,1
5458,0
5459,0
5460,1
5461,1
5462,1
5463,1
5464,1
5465,0
5466,1
5467,0
5468,1
5469,1
5470,1
5471,1
5472,1
5473,0
5474,1
5475,0
5476,0
5477,1
5478,1
5479,0
5480,1
5481,1
5482,1
5483,0
5484,0
5485,1
5486,0
5487,0
5488,1
5489,0
5490,1
5491,1
5492,1
5493,1
5494,0
5495,1
5496,0
5497,1
5498,1
5499,0
5500,0
5501,0
5502,0
5503,0
5504,1
5505,0
5506,0
5507,1
5508,0
5509,0
5510,1
5511,1
5512,1
5513,0
5514,0
5515,1
5516,0
5517,1
5518,1
5519,0
5520,1
5521,0
5522,0
5523,0
5524,1
5525,0
5526,0
5527,1
5528,0
5529,0
5530,0
5531,0
5532,1
5533,0
5534,1
5535,1
5536,0
5537,1
5538,0
5539,0
5540,0
5541,0
5542,0
5543,0
5544,0
5545,1
5546,0
5547,1
5548,0
5549,0
5550,1
5551,0
5552,0
5553,1
5554,0
5555,0
5556,0
5557,1
5558,0
5559,1
5560,0
5561,0
5562,1
5563,0
5564,0
5565,0
5566,0
5567,0
5568,0
5569,1
5570,0
5571,1
5572,0
5573,1
5574,1
5575,1
5576,0
5577,0
5578,1
5579,0
5580,1
5581,1
5582,0
5583,1
5584,1
5585,0
5586,0
5587,0
5588,1
5589,1
5590,1
5591,1
5592,1
5593,1
5594,1
5595,0
5596,1
5597,1
5598,1
5599,1
5600,0
5601,0
5602,1
5603,1
5604,0
5605,1
5606,0
5607,0
5608,1
5609,1
5610,0
5611,1
5612,0
5613,0
5614,1
5615,0
5616,1
5617,0
5618,1
5619,0
5620,0
5621,1
5622,0
5623,0
5624,0
5625,1
5626,1
5627,1
5628,1
5629,1
5630,1
5631,1
5632,1
5633,0
5634,1
5635,1
5636,0
5637,1
5638,0
5639,1
5640,0
5641,1
5642,1
5643,0
5644,0
5645,1
5646,1
5647,1
5648,0
5649,1
5650,1
5651,1
5652,1
5653,1
5654,0
5655,0
5656,1
5657,0
5658,0
5659,0
5660,1
5661,1
5662,1
5663,1
5664,0
5665,1
5666,1
5667,1
5668,0
5669,0
5670,1
5671,1
5672,0
5673,0
5674,0
5675,0
5676,0
5677,0
5678,1
5679,1
5680,0
5681,1
5682,1
5683,0
5684,1
5685,1
5686,0
5687,0
5688,1
5689,0
5690,0
5691,0
5692,0
5693,1
5694,0
5695,0
5696,1
5697,0
5698,0
5699,0
5700,1
5701,0
5702,1
5703,0
5704,0
5705,0
5706,1
5707,1
5708,1
5709,1
5710,1
5711,0
5712,1
5713,1
5714,1
5715,1
5716,0
5717,1
5718,1
5719,1
5720,0
5721,0
5722,1
5723,1
5724,1
5725,0
5726,1
5727,0
5728,0
5729,0
5730,0
5731,1
5732,0
5733,1
5734,0
5735,0
5736,0
5737,1
5738,0
5739,1
5740,1
5741,1
5742,1
5743,1
5744,1
5745,0
5746,1
5747,0
5748,1
5749,1
5750,0
5751,0
5752,1
5753,1
5754,0
5755,0
5756,1
5757,0
5758,1
5759,0
5760,0
5761,1
5762,0
5763,0
5764,1
5765,1
5766,1
5767,1
5768,1
5769,0
5770,1
5771,0
5772,1
5773,0
5774,1
5775,0
5776,0
5777,1
5778,1
5779,0
5780,1
5781,0
5782,0
5783,1
5784,0
5785,1
5786,0
5787,0
5788,0
5789,0
5790,0
5791,1
5792,1
5793,0
5794,1
5795,1
5796,1
5797,0
5798,1
5799,0
5800,1
5801,0
5802,1
5803,1
5804,1
5805,0
5806,0
5807,1
5808,0
5809,0
5810,1
5811,0
5812,0
5813,1
5814,0
5815,0
5816,0
5817,0
5818,1
5819,0
5820,1
5821,1
5822,0
5823,1
5824,1
5825,1
5826,0
5827,1
5828,1
5829,0
5830,1
5831,1
5832,0
5833,0
5834,0
5835,1
5836,0
5837,1
5838,0
5839,0
5840,1
5841,1
5842,0
5843,1
5844,0
5845,1
5846,0
5847,0
5848,1
5849,1
5850,0
5851,1
5852,0
5853,0
5854,0
5855,0
5856,1
5857,1
5858,1
5859,1
5860,1
5861,1
5862,0
5863,1
5864,1
5865,0
5866,1
5867,0
5868,1
5869,0
5870,1
5871,1
5872,0
5873,0
5874,1
5875,0
5876,1
5877,1
5878,0
5879,0
5880,0
5881,0
5882,1
5883,0
5884,1
5885,0
5886,1
5887,1
5888,0
5889,0
5890,0
5891,0
5892,1
5893,1
5894,1
5895,1
5896,0
5897,1
5898,1
5899,1
5900,1
5901,1
5902,1
5903,0
5904,1
5905,0
5906,0
5907,1
5908,0
5909,0
5910,0
5911,1
5912,1
5913,1
5914,0
5915,0
5916,1
5917,0
5918,1
5919,1
5920,1
5921,1
5922,0
5923,0
5924,0
5925,0
5926,1
5927,1
5928,0
5929,0
5930,0
5931,0
5932,0
5933,0
5934,1
5935,1
5936,1
5937,0
5938,1
5939,0
5940,1
5941,0
5942,1
5943,1
5944,1
5945,0
5946,0
5947,1
5948,1
5949,1
5950,0
5951,1
5952,1
5953,0
5954,0
5955,0
5956,0
5957,0
5958,1
5959,1
5960,1
5961,1
5962,1
5963,1
5964,1
5965,1
5966,1
5967,1
5968,1
5969,1
5970,0
5971,1
5972,0
5973,1
5974,1
5975,1
5976,0
5977,1
5978,1
5979,0
5980,1
5981,1
5982,1
5983,1
5984,0
5985,1
5986,1
5987,1
5988,0
5989,1
5990,0
5991,1
5992,0
5993,0
5994,1
5995,1
5996,1
5997,1
5998,0
5999,1
6000,0
6001,1
6002,1
6003,0
6004,1
6005,0
6006,0
6007,1
6008,1
6009,0
6010,1
6011,0
6012,1
6013,1
6014,0
6015,1
6016,0
6017,1
6018,1
6019,1
6020,0
6021,0
6022,0
6023,1
6024,0
6025,1
6026,0
6027,0
6028,1
6029,1
6030,0
6031,0
6032,1
6033,0
6034,1
6035,0
6036,0
6037,0
6038,1
6039,0
6040,0
6041,1
6042,0
6043,1
6044,1
6045,0
6046,0
6047,1
6048,1
6049,1
6050,0
6051,1
6052,1
6053,1
6054,1
6055,1
6056,1
6057,1
6058,1
6059,1
6060,0
6061,0
6062,1
6063,1
6064,0
6065,1
6066,1
6067,0
6068,0
6069,1
6070,1
6071,1
6072,1
6073,0
6074,0
6075,1
6076,0
6077,1
6078,0
6079,0
6080,1
6081,1
6082,1
6083,0
6084,0
6085,1
6086,1
6087,1
6088,1
6089,0
6090,1
6091,0
6092,0
6093,1
6094,0
6095,0
6096,1
6097,0
6098,0
6099,1
6100,1
6101,1
6102,0
6103,0
6104,0
6105,0
6106,1
6107,1
6108,1
6109,1
6110,1
6111,0
6112,0
6113,1
6114,0
6115,0
6116,1
6117,0
6118,0
6119,1
6120,0
6121,1
6122,1
6123,0
6124,1
6125,1
6126,1
6127,1
6128,0
6129,1
6130,1
6131,1
6132,1
6133,1
6134,0
6135,1
6136,0
6137,1
6138,1
6139,1
6140,0
6141,1
6142,1
6143,1
6144,0
6145,0
6146,0
6147,1
6148,0
6149,1
6150,1
6151,0
6152,1
6153,0
6154,1
6155,0
6156,0
6157,0
6158,0
6159,0
6160,0
6161,1
6162,0
6163,0
6164,0
6165,0
6166,0
6167,0
6168,0
6169,0
6170,0
6171,1
6172,0
6173,0
6174,1
6175,1
6176,1
6177,1
6178,1
6179,1
6180,0
6181,0
6182,1
6183,1
6184,0
6185,1
6186,1
6187,0
6188,0
6189,0
6190,1
6191,0
6192,0
6193,1
6194,1
6195,1
6196,0
6197,0
6198,1
6199,0
6200,1
6201,1
6202,1
6203,1
6204,0
6205,0
6206,0
6207,1
6208,0
6209,1
6210,0
6211,1
6212,1
6213,0
6214,0
6215,1
6216,1
6217,0
6218,0
6219,1
6220,1
6221,0
6222,0
6223,0
6224,1
6225,0
6226,1
6227,1
6228,0
6229,1
6230,0
6231,0
6232,1
6233,1
6234,0
6235,1
6236,0
6237,1
6238,0
6239,1
6240,0
6241,1
6242,0
6243,0
6244,0
6245,1
6246,1
6247,0
6248,1
6249,1
6250,1
6251,0
6252,0
6253,0
6254,0
6255,1
6256,0
6257,0
6258,0
6259,0
6260,1
6261,1
6262,1
6263,0
6264,0
6265,0
6266,1
6267,0
6268,0
6269,1
6270,1
6271,0
6272,0
6273,1
6274,1
6275,1
6276,1
6277,0
6278,0
6279,1
6280,1
6281,0
6282,1
6283,0
6284,0
6285,0
6286,1
6287,0
6288,0
6289,1
6290,1
6291,0
6292,0
6293,1
6294,0
6295,1
6296,0
6297,1
6298,1
6299,1
6300,0
6301,1
6302,1
6303,0
6304,0
6305,1
6306,1
6307,0
6308,1
6309,1
6310,0
6311,0
6312,0
6313,0
6314,1
6315,1
6316,0
6317,0
6318,0
6319,0
6320,0
6321,0
6322,1
6323,1
6324,1
6325,0
6326,0
6327,0
6328,1
6329,1
6330,1
6331,0
6332,1
6333,0
6334,0
6335,0
6336,0
6337,1
6338,0
6339,0
6340,1
6341,0
6342,1
6343,0
6344,0
6345,1
6346,1
6347,1
6348,1
6349,1
6350,0
6351,0
6352,0
6353,0
6354,0
6355,1
6356,0
6357,0
6358,0
6359,1
6360,1
6361,0
6362,1
6363,0
6364,1
6365,1
6366,0
6367,1
6368,0
6369,0
6370,1
6371,1
6372,0
6373,1
6374,0
6375,1
6376,1
6377,1
6378,1
6379,1
6380,1
6381,1
6382,1
6383,1
6384,0
6385,0
6386,1
6387,1
6388,0
6389,0
6390,1
6391,0
6392,1
6393,0
6394,1
6395,1
6396,1
6397,0
6398,0
6399,0
6400,1
6401,1
6402,1
6403,0
6404,1
6405,0
6406,0
6407,0
6408,0
6409,0
6410,0
6411,0
6412,0
6413,1
6414,0
6415,1
6416,0
6417,0
6418,0
6419,0
6420,0
6421,1
6422,1
6423,1
6424,1
6425,1
6426,1
6427,0
6428,0
6429,1
6430,0
6431,0
6432,1
6433,0
6434,1
6435,1
6436,1
6437,0
6438,1
6439,0
6440,1
6441,1
6442,0
6443,1
